#
# There is insufficient memory for the Java Runtime Environment to continue.
# Native memory allocation (mmap) failed to map 278921216 bytes. Error detail: G1 virtual space
# Possible reasons:
#   The system is out of physical RAM or swap space
#   This process is running with CompressedOops enabled, and the Java Heap may be blocking the growth of the native heap
# Possible solutions:
#   Reduce memory load on the system
#   Increase physical memory or swap space
#   Check if swap backing store is full
#   Decrease Java heap size (-Xmx/-Xms)
#   Decrease number of Java threads
#   Decrease Java thread stack sizes (-Xss)
#   Set larger code cache with -XX:ReservedCodeCacheSize=
#   JVM is running with Unscaled Compressed Oops mode in which the Java heap is
#     placed in the first 4GB address space. The Java Heap base address is the
#     maximum limit for the native heap growth. Please use -XX:HeapBaseMinAddress
#     to set the Java Heap base and to place the Java Heap above 4GB virtual address.
# This output file may be truncated or incomplete.
#
#  Out of Memory Error (os_windows.cpp:3736), pid=6752, tid=18060
#
# JRE version: OpenJDK Runtime Environment Microsoft-11933218 (21.0.8+9) (build 21.0.8+9-LTS)
# Java VM: OpenJDK 64-Bit Server VM Microsoft-11933218 (21.0.8+9-LTS, mixed mode, sharing, tiered, compressed oops, compressed class ptrs, g1 gc, windows-amd64)
# No core dump will be written. Minidumps are not enabled by default on client versions of Windows
#

---------------  S U M M A R Y ------------

Command Line: -Xmx1G com.android.tools.r8.D8 --release --min-api 21 --output obj\Release\net10.0-android\android\bin\ --lib C:\Program Files (x86)\Android\android-sdk\platforms\android-36\android.jar obj\Release\net10.0-android\android\bin\classes.zip C:\Program Files\dotnet\packs\Microsoft.Android.Sdk.Windows\36.1.30\tools\\java_runtime_net6.jar C:\Users\TRAN DUC TOAN\.nuget\packages\xamarin.androidx.annotation.jvm\1.9.1.5\buildTransitive\net10.0-android35.0\..\..\jar\androidx.annotation.annotation-jvm.jar C:\Users\TRAN DUC TOAN\.nuget\packages\xamarin.androidx.collection.jvm\1.5.0.3\buildTransitive\net10.0-android35.0\..\..\jar\androidx.collection.collection-jvm.jar C:\Users\TRAN DUC TOAN\.nuget\packages\xamarin.androidx.annotation\1.9.1.5\buildTransitive\net10.0-android35.0\..\..\jar\androidx.annotation.annotation.jar C:\Users\TRAN DUC TOAN\.nuget\packages\xamarin.androidx.collection\1.5.0.3\buildTransitive\net10.0-android35.0\..\..\jar\androidx.collection.collection.jar C:\Users\TRAN DUC TOAN\.nuget\packages\xamarin.androidx.concurrent.futures\1.3.0.1\buildTransitive\net10.0-android35.0\..\..\jar\androidx.concurrent.concurrent-futures.jar C:\Users\TRAN DUC TOAN\.nuget\packages\xamarin.androidx.lifecycle.common.jvm\2.9.2.1\buildTransitive\net10.0-android35.0\..\..\jar\androidx.lifecycle.lifecycle-common-jvm.jar C:\Users\TRAN DUC TOAN\.nuget\packages\xamarin.androidx.lifecycle.common\2.9.2.1\buildTransitive\net10.0-android35.0\..\..\jar\androidx.lifecycle.lifecycle-common.jar C:\Users\TRAN DUC TOAN\.nuget\packages\xamarin.androidx.arch.core.common\2.2.0.18\buildTransitive\net10.0-android35.0\..\..\jar\androidx.arch.core.core-common.jar C:\Users\TRAN DUC TOAN\.nuget\packages\xamarin.androidx.resourceinspection.annotation\1.0.1.22\buildTransitive\net10.0-android35.0\..\..\jar\androidx.resourceinspection.resourceinspection-annotation.jar C:\Users\TRAN DUC TOAN\.nuget\packages\xamarin.androidx.constraintlayout.core\1.1.1.3\buildTransitive\net10.0-android35.0\..\..\jar\androidx.constraintlayout.constraintlayout-core.jar C:\Users\TRAN DUC TOAN\.nuget\packages\xamarin.androidx.window.windowcore.jvm\1.4.0.1\buildTransitive\net10.0-android35.0\..\..\jar\androidx.window.window-core-jvm.jar C:\Users\TRAN DUC TOAN\.nuget\packages\xamarin.androidx.window.windowcore\1.4.0.1\buildTransitive\net10.0-android35.0\..\..\jar\androidx.window.window-core.jar C:\Users\TRAN DUC TOAN\.nuget\packages\xamarin.androidx.collection.ktx\1.5.0.3\buildTransitive\net10.0-android35.0\..\..\jar\androidx.collection.collection-ktx.jar C:\Program Files\dotnet\packs\Microsoft.NETCore.App.Runtime.Mono.android-arm64\10.0.4\runtimes\android-arm64\native\libSystem.Security.Cryptography.Native.Android.jar obj\Release\net10.0-android\lp\98\jl\classes.jar obj\Release\net10.0-android\lp\99\jl\classes.jar obj\Release\net10.0-android\lp\101\jl\classes.jar obj\Release\net10.0-android\lp\102\jl\classes.jar obj\Release\net10.0-android\lp\103\jl\classes.jar obj\Release\net10.0-android\lp\104\jl\classes.jar obj\Release\net10.0-android\lp\105\jl\classes.jar obj\Release\net10.0-android\lp\107\jl\classes.jar obj\Release\net10.0-android\lp\108\jl\classes.jar obj\Release\net10.0-android\lp\109\jl\classes.jar obj\Release\net10.0-android\lp\110\jl\classes.jar obj\Release\net10.0-android\lp\111\jl\classes.jar obj\Release\net10.0-android\lp\112\jl\classes.jar obj\Release\net10.0-android\lp\113\jl\classes.jar obj\Release\net10.0-android\lp\115\jl\classes.jar obj\Release\net10.0-android\lp\116\jl\classes.jar obj\Release\net10.0-android\lp\117\jl\classes.jar obj\Release\net10.0-android\lp\119\jl\classes.jar obj\Release\net10.0-android\lp\120\jl\classes.jar obj\Release\net10.0-android\lp\121\jl\classes.jar obj\Release\net10.0-android\lp\123\jl\classes.jar obj\Release\net10.0-android\lp\124\jl\classes.jar obj\Release\net10.0-android\lp\125\jl\classes.jar obj\Release\net10.0-android\lp\126\jl\classes.jar obj\Release\net10.0-android\lp\127\jl\classes.jar obj\Release\net10.0-android\lp\128\jl\classes.jar obj\Release\net10.0-android\lp\129\jl\classes.jar obj\Release\net10.0-android\lp\130\jl\classes.jar obj\Release\net10.0-android\lp\131\jl\classes.jar obj\Release\net10.0-android\lp\131\jl\libs\repackaged.jar obj\Release\net10.0-android\lp\132\jl\classes.jar obj\Release\net10.0-android\lp\133\jl\classes.jar obj\Release\net10.0-android\lp\134\jl\classes.jar obj\Release\net10.0-android\lp\135\jl\classes.jar obj\Release\net10.0-android\lp\136\jl\classes.jar obj\Release\net10.0-android\lp\137\jl\classes.jar obj\Release\net10.0-android\lp\138\jl\classes.jar obj\Release\net10.0-android\lp\139\jl\classes.jar obj\Release\net10.0-android\lp\140\jl\classes.jar obj\Release\net10.0-android\lp\141\jl\classes.jar obj\Release\net10.0-android\lp\142\jl\classes.jar obj\Release\net10.0-android\lp\143\jl\classes.jar obj\Release\net10.0-android\lp\144\jl\classes.jar obj\Release\net10.0-android\lp\145\jl\classes.jar obj\Release\net10.0-android\lp\146\jl\classes.jar obj\Release\net10.0-android\lp\148\jl\classes.jar obj\Release\net10.0-android\lp\149\jl\classes.jar obj\Release\net10.0-android\lp\151\jl\classes.jar obj\Release\net10.0-android\lp\152\jl\classes.jar obj\Release\net10.0-android\lp\154\jl\classes.jar obj\Release\net10.0-android\lp\155\jl\classes.jar obj\Release\net10.0-android\lp\156\jl\classes.jar obj\Release\net10.0-android\lp\157\jl\classes.jar obj\Release\net10.0-android\lp\158\jl\classes.jar obj\Release\net10.0-android\lp\159\jl\classes.jar obj\Release\net10.0-android\lp\160\jl\classes.jar obj\Release\net10.0-android\lp\161\jl\libs\ED64959F88B22E6D.jar obj\Release\net10.0-android\lp\162\jl\libs\2E7FD15AFA9B216B.jar obj\Release\net10.0-android\lp\164\jl\classes.jar obj\Release\net10.0-android\lp\167\jl\libs\659D48BEBA477FDD.jar obj\Release\net10.0-android\lp\168\jl\libs\95D547F40BE4687C.jar obj\Release\net10.0-android\lp\169\jl\classes.jar obj\Release\net10.0-android\lp\170\jl\classes.jar obj\Release\net10.0-android\lp\171\jl\libs\F975D0960055A5E3.jar obj\Release\net10.0-android\lp\172\jl\libs\B71CFF5D5A0B3AEB.jar obj\Release\net10.0-android\lp\173\jl\libs\8956669C0037225B.jar obj\Release\net10.0-android\lp\174\jl\libs\05D34BA5CA8637CF.jar obj\Release\net10.0-android\lp\175\jl\libs\DCFB018199B59345.jar obj\Release\net10.0-android\lp\176\jl\libs\F91D79B39A269A7E.jar obj\Release\net10.0-android\lp\177\jl\libs\F01C7EADE990A004.jar obj\Release\net10.0-android\lp\178\jl\libs\F6DB49E0CC905A9A.jar obj\Release\net10.0-android\lp\179\jl\libs\A1A754E9E8693F85.jar obj\Release\net10.0-android\lp\180\jl\libs\B7446A23346A729D.jar obj\Release\net10.0-android\lp\181\jl\libs\623E6E29E2058512.jar --map-diagnostics warning info

Host: 11th Gen Intel(R) Core(TM) i5-1135G7 @ 2.40GHz, 8 cores, 7G,  Windows 11 , 64 bit Build 26100 (10.0.26100.8246)
Time: Sun Apr 26 18:51:12 2026 SE Asia Standard Time elapsed time: 4.739246 seconds (0d 0h 0m 4s)

---------------  T H R E A D  ---------------

Current thread (0x000001dd1bbb2b30):  VMThread "VM Thread"          [id=18060, stack(0x0000008193f00000,0x0000008194000000) (1024K)]

Stack: [0x0000008193f00000,0x0000008194000000]
Native frames: (J=compiled Java code, j=interpreted, Vv=VM code, C=native code)
V  [jvm.dll+0x6e1729]
V  [jvm.dll+0x8bf47b]
V  [jvm.dll+0x8c19aa]
V  [jvm.dll+0x8c2083]
V  [jvm.dll+0x289fd6]
V  [jvm.dll+0x6de085]
V  [jvm.dll+0x6d218a]
V  [jvm.dll+0x366f6e]
V  [jvm.dll+0x36ee1b]
V  [jvm.dll+0x3c06b9]
V  [jvm.dll+0x3c095b]
V  [jvm.dll+0x33a8b7]
V  [jvm.dll+0x33a947]
V  [jvm.dll+0x37f68c]
V  [jvm.dll+0x37de6e]
V  [jvm.dll+0x33a011]
V  [jvm.dll+0x37d4da]
V  [jvm.dll+0x8c7def]
V  [jvm.dll+0x8c92fc]
V  [jvm.dll+0x8c9874]
V  [jvm.dll+0x8c9973]
V  [jvm.dll+0x86975d]
V  [jvm.dll+0x6dff2d]
C  [ucrtbase.dll+0x37b0]
C  [KERNEL32.DLL+0x2e8d7]
C  [ntdll.dll+0x8c3fc]

VM_Operation (0x00000081955fddd0): G1CollectForAllocation, mode: safepoint, requested by thread 0x000001dd618fd630


---------------  P R O C E S S  ---------------

Threads class SMR info:
_java_thread_list=0x000001dd61c34840, length=21, elements={
0x000001dd7e0ca130, 0x000001dd1bbd6590, 0x000001dd1bbd6fe0, 0x000001dd1bbd8e30,
0x000001dd1bbd9c30, 0x000001dd1bbdcf60, 0x000001dd1bbe1790, 0x000001dd1bbe4df0,
0x000001dd1bbe6150, 0x000001dd61145b40, 0x000001dd6114eba0, 0x000001dd613239a0,
0x000001dd618067f0, 0x000001dd618fbf00, 0x000001dd618fc560, 0x000001dd618fcbc0,
0x000001dd618fd630, 0x000001dd619fcb40, 0x000001dd619fd5a0, 0x000001dd619fdc00,
0x000001dd62177e90
}

Java Threads: ( => current thread )
  0x000001dd7e0ca130 JavaThread "main"                              [_thread_blocked, id=13020, stack(0x0000008193800000,0x0000008193900000) (1024K)]
  0x000001dd1bbd6590 JavaThread "Reference Handler"          daemon [_thread_blocked, id=2100, stack(0x0000008194000000,0x0000008194100000) (1024K)]
  0x000001dd1bbd6fe0 JavaThread "Finalizer"                  daemon [_thread_blocked, id=12372, stack(0x0000008194100000,0x0000008194200000) (1024K)]
  0x000001dd1bbd8e30 JavaThread "Signal Dispatcher"          daemon [_thread_blocked, id=2468, stack(0x0000008194200000,0x0000008194300000) (1024K)]
  0x000001dd1bbd9c30 JavaThread "Attach Listener"            daemon [_thread_blocked, id=2348, stack(0x0000008194300000,0x0000008194400000) (1024K)]
  0x000001dd1bbdcf60 JavaThread "Service Thread"             daemon [_thread_blocked, id=4008, stack(0x0000008194400000,0x0000008194500000) (1024K)]
  0x000001dd1bbe1790 JavaThread "Monitor Deflation Thread"   daemon [_thread_blocked, id=15984, stack(0x0000008194500000,0x0000008194600000) (1024K)]
  0x000001dd1bbe4df0 JavaThread "C2 CompilerThread0"         daemon [_thread_in_native, id=14392, stack(0x0000008194600000,0x0000008194700000) (1024K)]
  0x000001dd1bbe6150 JavaThread "C1 CompilerThread0"         daemon [_thread_blocked, id=8520, stack(0x0000008194700000,0x0000008194800000) (1024K)]
  0x000001dd61145b40 JavaThread "Notification Thread"        daemon [_thread_blocked, id=10824, stack(0x0000008194800000,0x0000008194900000) (1024K)]
  0x000001dd6114eba0 JavaThread "Common-Cleaner"             daemon [_thread_blocked, id=18184, stack(0x0000008194900000,0x0000008194a00000) (1024K)]
  0x000001dd613239a0 JavaThread "C2 CompilerThread1"         daemon [_thread_blocked, id=5092, stack(0x0000008194a00000,0x0000008194b00000) (1024K)]
  0x000001dd618067f0 JavaThread "ForkJoinPool-1-worker-1"    daemon [_thread_blocked, id=8176, stack(0x0000008194b00000,0x0000008194c00000) (1024K)]
  0x000001dd618fbf00 JavaThread "ForkJoinPool-1-worker-2"    daemon [_thread_blocked, id=1956, stack(0x0000008195200000,0x0000008195300000) (1024K)]
  0x000001dd618fc560 JavaThread "ForkJoinPool-1-worker-3"    daemon [_thread_blocked, id=3952, stack(0x0000008195300000,0x0000008195400000) (1024K)]
  0x000001dd618fcbc0 JavaThread "ForkJoinPool-1-worker-4"    daemon [_thread_blocked, id=7800, stack(0x0000008195400000,0x0000008195500000) (1024K)]
  0x000001dd618fd630 JavaThread "ForkJoinPool-1-worker-5"    daemon [_thread_blocked, id=12808, stack(0x0000008195500000,0x0000008195600000) (1024K)]
  0x000001dd619fcb40 JavaThread "ForkJoinPool-1-worker-6"    daemon [_thread_blocked, id=3356, stack(0x0000008195600000,0x0000008195700000) (1024K)]
  0x000001dd619fd5a0 JavaThread "ForkJoinPool-1-worker-7"    daemon [_thread_blocked, id=11724, stack(0x0000008195700000,0x0000008195800000) (1024K)]
  0x000001dd619fdc00 JavaThread "ForkJoinPool-1-worker-8"    daemon [_thread_blocked, id=5380, stack(0x0000008195800000,0x0000008195900000) (1024K)]
  0x000001dd62177e90 JavaThread "C2 CompilerThread2"         daemon [_thread_blocked, id=16792, stack(0x0000008195900000,0x0000008195a00000) (1024K)]
Total: 21

Other Threads:
=>0x000001dd1bbb2b30 VMThread "VM Thread"                           [id=18060, stack(0x0000008193f00000,0x0000008194000000) (1024K)]
  0x000001dd1bb9b680 WatcherThread "VM Periodic Task Thread"        [id=3252, stack(0x0000008193e00000,0x0000008193f00000) (1024K)]
  0x000001dd7fc3bc60 WorkerThread "GC Thread#0"                     [id=12796, stack(0x0000008193900000,0x0000008193a00000) (1024K)]
  0x000001dd61bf75b0 WorkerThread "GC Thread#1"                     [id=13724, stack(0x0000008194c00000,0x0000008194d00000) (1024K)]
  0x000001dd61b91360 WorkerThread "GC Thread#2"                     [id=1504, stack(0x0000008194d00000,0x0000008194e00000) (1024K)]
  0x000001dd618802f0 WorkerThread "GC Thread#3"                     [id=10176, stack(0x0000008194e00000,0x0000008194f00000) (1024K)]
  0x000001dd61370660 WorkerThread "GC Thread#4"                     [id=10292, stack(0x0000008194f00000,0x0000008195000000) (1024K)]
  0x000001dd61c3cce0 WorkerThread "GC Thread#5"                     [id=2172, stack(0x0000008195000000,0x0000008195100000) (1024K)]
  0x000001dd616e5570 WorkerThread "GC Thread#6"                     [id=14492, stack(0x0000008195100000,0x0000008195200000) (1024K)]
  0x000001dd62611f80 WorkerThread "GC Thread#7"                     [id=16976, stack(0x0000008195a00000,0x0000008195b00000) (1024K)]
  0x000001dd7fc44bb0 ConcurrentGCThread "G1 Main Marker"            [id=15912, stack(0x0000008193a00000,0x0000008193b00000) (1024K)]
  0x000001dd7fc47090 WorkerThread "G1 Conc#0"                       [id=15084, stack(0x0000008193b00000,0x0000008193c00000) (1024K)]
  0x000001dd626114a0 WorkerThread "G1 Conc#1"                       [id=7004, stack(0x0000008195b00000,0x0000008195c00000) (1024K)]
  0x000001dd7fcae100 ConcurrentGCThread "G1 Refine#0"               [id=14280, stack(0x0000008193c00000,0x0000008193d00000) (1024K)]
  0x000001dd7fcae920 ConcurrentGCThread "G1 Service"                [id=10604, stack(0x0000008193d00000,0x0000008193e00000) (1024K)]
Total: 15

Threads with active compile tasks:
C2 CompilerThread0  4791 2679 %     4       com.android.tools.r8.internal.de::a @ 4037 (4509 bytes)
C2 CompilerThread1  4791 2737 %     4       com.android.tools.r8.internal.de::a @ 83 (7028 bytes)
C2 CompilerThread2  4791 2739       4       com.android.tools.r8.graph.s4::a (129 bytes)
Total: 3

VM state: at safepoint (normal execution)

VM Mutex/Monitor currently owned by a thread:  ([mutex/lock_event])
[0x00007fffab06a7c8] Threads_lock - owner thread: 0x000001dd1bbb2b30
[0x00007fffab06a8c8] Heap_lock - owner thread: 0x000001dd618fd630

Heap address: 0x00000000c0000000, size: 1024 MB, Compressed Oops mode: 32-bit

CDS archive(s) mapped at: [0x000001dd1c000000-0x000001dd1cc80000-0x000001dd1cc80000), size 13107200, SharedBaseAddress: 0x000001dd1c000000, ArchiveRelocationMode: 1.
Compressed class space mapped at: 0x000001dd1d000000-0x000001dd5d000000, reserved size: 1073741824
Narrow klass base: 0x000001dd1c000000, Narrow klass shift: 0, Narrow klass range: 0x100000000

GC Precious Log:
 CardTable entry size: 512
 Card Set container configuration: InlinePtr #cards 5 size 8 Array Of Cards #cards 12 size 40 Howl #buckets 4 coarsen threshold 1843 Howl Bitmap #cards 512 size 80 coarsen threshold 460 Card regions per heap region 1 cards per card region 2048
 CPUs: 8 total, 8 available
 Memory: 7991M
 Large Page Support: Disabled
 NUMA Support: Disabled
 Compressed Oops: Enabled (32-bit)
 Heap Region Size: 1M
 Heap Min Capacity: 8M
 Heap Initial Capacity: 126M
 Heap Max Capacity: 1G
 Pre-touch: Disabled
 Parallel Workers: 8
 Concurrent Workers: 2
 Concurrent Refinement Workers: 8
 Periodic GC: Disabled

Heap:
 garbage-first heap   total 270336K, used 200686K [0x00000000c0000000, 0x0000000100000000)
  region size 1024K, 8 young (8192K), 8 survivors (8192K)
 Metaspace       used 10268K, committed 10496K, reserved 1114112K
  class space    used 1337K, committed 1472K, reserved 1048576K

Heap Regions: E=young(eden), S=young(survivor), O=old, HS=humongous(starts), HC=humongous(continues), CS=collection set, F=free, TAMS=top-at-mark-start, PB=parsable bottom
|   0|0x00000000c0000000, 0x00000000c0100000, 0x00000000c0100000|100%|HS|  |TAMS 0x00000000c0100000| PB 0x00000000c0000000| Complete 
|   1|0x00000000c0100000, 0x00000000c0200000, 0x00000000c0200000|100%| O|  |TAMS 0x00000000c0200000| PB 0x00000000c0100000| Untracked 
|   2|0x00000000c0200000, 0x00000000c0300000, 0x00000000c0300000|100%| O|  |TAMS 0x00000000c0300000| PB 0x00000000c0200000| Untracked 
|   3|0x00000000c0300000, 0x00000000c0400000, 0x00000000c0400000|100%| O|  |TAMS 0x00000000c0400000| PB 0x00000000c0300000| Untracked 
|   4|0x00000000c0400000, 0x00000000c0500000, 0x00000000c0500000|100%| O|  |TAMS 0x00000000c0500000| PB 0x00000000c0400000| Untracked 
|   5|0x00000000c0500000, 0x00000000c0600000, 0x00000000c0600000|100%| O|  |TAMS 0x00000000c0600000| PB 0x00000000c0500000| Untracked 
|   6|0x00000000c0600000, 0x00000000c0700000, 0x00000000c0700000|100%|HS|  |TAMS 0x00000000c0700000| PB 0x00000000c0600000| Complete 
|   7|0x00000000c0700000, 0x00000000c0800000, 0x00000000c0800000|100%|HC|  |TAMS 0x00000000c0800000| PB 0x00000000c0700000| Complete 
|   8|0x00000000c0800000, 0x00000000c0900000, 0x00000000c0900000|100%| O|  |TAMS 0x00000000c0900000| PB 0x00000000c0800000| Untracked 
|   9|0x00000000c0900000, 0x00000000c0a00000, 0x00000000c0a00000|100%| O|  |TAMS 0x00000000c0a00000| PB 0x00000000c0900000| Untracked 
|  10|0x00000000c0a00000, 0x00000000c0b00000, 0x00000000c0b00000|100%| O|  |TAMS 0x00000000c0b00000| PB 0x00000000c0a00000| Untracked 
|  11|0x00000000c0b00000, 0x00000000c0c00000, 0x00000000c0c00000|100%| O|  |TAMS 0x00000000c0c00000| PB 0x00000000c0b00000| Untracked 
|  12|0x00000000c0c00000, 0x00000000c0d00000, 0x00000000c0d00000|100%| O|  |TAMS 0x00000000c0d00000| PB 0x00000000c0c00000| Untracked 
|  13|0x00000000c0d00000, 0x00000000c0e00000, 0x00000000c0e00000|100%| O|  |TAMS 0x00000000c0e00000| PB 0x00000000c0d00000| Untracked 
|  14|0x00000000c0e00000, 0x00000000c0f00000, 0x00000000c0f00000|100%| O|  |TAMS 0x00000000c0f00000| PB 0x00000000c0e00000| Untracked 
|  15|0x00000000c0f00000, 0x00000000c1000000, 0x00000000c1000000|100%| O|  |TAMS 0x00000000c1000000| PB 0x00000000c0f00000| Untracked 
|  16|0x00000000c1000000, 0x00000000c1100000, 0x00000000c1100000|100%| O|  |TAMS 0x00000000c1100000| PB 0x00000000c1000000| Untracked 
|  17|0x00000000c1100000, 0x00000000c1200000, 0x00000000c1200000|100%| O|  |TAMS 0x00000000c1200000| PB 0x00000000c1100000| Untracked 
|  18|0x00000000c1200000, 0x00000000c1300000, 0x00000000c1300000|100%| O|  |TAMS 0x00000000c1300000| PB 0x00000000c1200000| Untracked 
|  19|0x00000000c1300000, 0x00000000c1400000, 0x00000000c1400000|100%| O|  |TAMS 0x00000000c1400000| PB 0x00000000c1300000| Untracked 
|  20|0x00000000c1400000, 0x00000000c1500000, 0x00000000c1500000|100%| O|  |TAMS 0x00000000c1500000| PB 0x00000000c1400000| Untracked 
|  21|0x00000000c1500000, 0x00000000c1600000, 0x00000000c1600000|100%| O|  |TAMS 0x00000000c1600000| PB 0x00000000c1500000| Untracked 
|  22|0x00000000c1600000, 0x00000000c1700000, 0x00000000c1700000|100%| O|  |TAMS 0x00000000c1700000| PB 0x00000000c1600000| Untracked 
|  23|0x00000000c1700000, 0x00000000c1800000, 0x00000000c1800000|100%| O|  |TAMS 0x00000000c1800000| PB 0x00000000c1700000| Untracked 
|  24|0x00000000c1800000, 0x00000000c1900000, 0x00000000c1900000|100%| O|  |TAMS 0x00000000c1900000| PB 0x00000000c1800000| Untracked 
|  25|0x00000000c1900000, 0x00000000c1a00000, 0x00000000c1a00000|100%| O|  |TAMS 0x00000000c1a00000| PB 0x00000000c1900000| Untracked 
|  26|0x00000000c1a00000, 0x00000000c1b00000, 0x00000000c1b00000|100%| O|  |TAMS 0x00000000c1b00000| PB 0x00000000c1a00000| Untracked 
|  27|0x00000000c1b00000, 0x00000000c1c00000, 0x00000000c1c00000|100%| O|  |TAMS 0x00000000c1c00000| PB 0x00000000c1b00000| Untracked 
|  28|0x00000000c1c00000, 0x00000000c1d00000, 0x00000000c1d00000|100%| O|  |TAMS 0x00000000c1d00000| PB 0x00000000c1c00000| Untracked 
|  29|0x00000000c1d00000, 0x00000000c1e00000, 0x00000000c1e00000|100%| O|  |TAMS 0x00000000c1e00000| PB 0x00000000c1d00000| Untracked 
|  30|0x00000000c1e00000, 0x00000000c1f00000, 0x00000000c1f00000|100%| O|  |TAMS 0x00000000c1f00000| PB 0x00000000c1e00000| Untracked 
|  31|0x00000000c1f00000, 0x00000000c2000000, 0x00000000c2000000|100%| O|  |TAMS 0x00000000c1f00000| PB 0x00000000c1f00000| Untracked 
|  32|0x00000000c2000000, 0x00000000c2100000, 0x00000000c2100000|100%| O|  |TAMS 0x00000000c2100000| PB 0x00000000c2000000| Untracked 
|  33|0x00000000c2100000, 0x00000000c2200000, 0x00000000c2200000|100%| O|  |TAMS 0x00000000c2200000| PB 0x00000000c2100000| Untracked 
|  34|0x00000000c2200000, 0x00000000c2300000, 0x00000000c2300000|100%| O|  |TAMS 0x00000000c2300000| PB 0x00000000c2200000| Untracked 
|  35|0x00000000c2300000, 0x00000000c2400000, 0x00000000c2400000|100%| O|  |TAMS 0x00000000c2400000| PB 0x00000000c2300000| Untracked 
|  36|0x00000000c2400000, 0x00000000c2500000, 0x00000000c2500000|100%| O|  |TAMS 0x00000000c2500000| PB 0x00000000c2400000| Untracked 
|  37|0x00000000c2500000, 0x00000000c2600000, 0x00000000c2600000|100%| O|  |TAMS 0x00000000c2600000| PB 0x00000000c2500000| Untracked 
|  38|0x00000000c2600000, 0x00000000c2700000, 0x00000000c2700000|100%| O|  |TAMS 0x00000000c2700000| PB 0x00000000c2600000| Untracked 
|  39|0x00000000c2700000, 0x00000000c2800000, 0x00000000c2800000|100%| O|  |TAMS 0x00000000c2800000| PB 0x00000000c2700000| Untracked 
|  40|0x00000000c2800000, 0x00000000c2900000, 0x00000000c2900000|100%| O|  |TAMS 0x00000000c2900000| PB 0x00000000c2800000| Untracked 
|  41|0x00000000c2900000, 0x00000000c2a00000, 0x00000000c2a00000|100%| O|  |TAMS 0x00000000c2a00000| PB 0x00000000c2900000| Untracked 
|  42|0x00000000c2a00000, 0x00000000c2b00000, 0x00000000c2b00000|100%| O|  |TAMS 0x00000000c2b00000| PB 0x00000000c2a00000| Untracked 
|  43|0x00000000c2b00000, 0x00000000c2c00000, 0x00000000c2c00000|100%| O|  |TAMS 0x00000000c2c00000| PB 0x00000000c2b00000| Untracked 
|  44|0x00000000c2c00000, 0x00000000c2d00000, 0x00000000c2d00000|100%| O|  |TAMS 0x00000000c2d00000| PB 0x00000000c2c00000| Untracked 
|  45|0x00000000c2d00000, 0x00000000c2e00000, 0x00000000c2e00000|100%| O|  |TAMS 0x00000000c2e00000| PB 0x00000000c2d00000| Untracked 
|  46|0x00000000c2e00000, 0x00000000c2f00000, 0x00000000c2f00000|100%|HS|  |TAMS 0x00000000c2f00000| PB 0x00000000c2e00000| Complete 
|  47|0x00000000c2f00000, 0x00000000c3000000, 0x00000000c3000000|100%| O|  |TAMS 0x00000000c3000000| PB 0x00000000c2f00000| Untracked 
|  48|0x00000000c3000000, 0x00000000c3100000, 0x00000000c3100000|100%| O|  |TAMS 0x00000000c3100000| PB 0x00000000c3000000| Untracked 
|  49|0x00000000c3100000, 0x00000000c3200000, 0x00000000c3200000|100%| O|  |TAMS 0x00000000c3200000| PB 0x00000000c3100000| Untracked 
|  50|0x00000000c3200000, 0x00000000c3300000, 0x00000000c3300000|100%| O|  |TAMS 0x00000000c3300000| PB 0x00000000c3200000| Untracked 
|  51|0x00000000c3300000, 0x00000000c3400000, 0x00000000c3400000|100%| O|  |TAMS 0x00000000c3400000| PB 0x00000000c3300000| Untracked 
|  52|0x00000000c3400000, 0x00000000c3500000, 0x00000000c3500000|100%| O|  |TAMS 0x00000000c3500000| PB 0x00000000c3400000| Untracked 
|  53|0x00000000c3500000, 0x00000000c3600000, 0x00000000c3600000|100%| O|  |TAMS 0x00000000c3600000| PB 0x00000000c3500000| Untracked 
|  54|0x00000000c3600000, 0x00000000c3700000, 0x00000000c3700000|100%| O|  |TAMS 0x00000000c3700000| PB 0x00000000c3600000| Untracked 
|  55|0x00000000c3700000, 0x00000000c3800000, 0x00000000c3800000|100%| O|  |TAMS 0x00000000c3800000| PB 0x00000000c3700000| Untracked 
|  56|0x00000000c3800000, 0x00000000c3900000, 0x00000000c3900000|100%| O|  |TAMS 0x00000000c3900000| PB 0x00000000c3800000| Untracked 
|  57|0x00000000c3900000, 0x00000000c3a00000, 0x00000000c3a00000|100%| O|  |TAMS 0x00000000c3a00000| PB 0x00000000c3900000| Untracked 
|  58|0x00000000c3a00000, 0x00000000c3b00000, 0x00000000c3b00000|100%| O|  |TAMS 0x00000000c3b00000| PB 0x00000000c3a00000| Untracked 
|  59|0x00000000c3b00000, 0x00000000c3c00000, 0x00000000c3c00000|100%| O|  |TAMS 0x00000000c3c00000| PB 0x00000000c3b00000| Untracked 
|  60|0x00000000c3c00000, 0x00000000c3d00000, 0x00000000c3d00000|100%| O|  |TAMS 0x00000000c3c00000| PB 0x00000000c3c00000| Untracked 
|  61|0x00000000c3d00000, 0x00000000c3e00000, 0x00000000c3e00000|100%| O|  |TAMS 0x00000000c3e00000| PB 0x00000000c3d00000| Untracked 
|  62|0x00000000c3e00000, 0x00000000c3f00000, 0x00000000c3f00000|100%| O|  |TAMS 0x00000000c3f00000| PB 0x00000000c3e00000| Untracked 
|  63|0x00000000c3f00000, 0x00000000c4000000, 0x00000000c4000000|100%| O|  |TAMS 0x00000000c4000000| PB 0x00000000c3f00000| Untracked 
|  64|0x00000000c4000000, 0x00000000c4100000, 0x00000000c4100000|100%| O|  |TAMS 0x00000000c4100000| PB 0x00000000c4000000| Untracked 
|  65|0x00000000c4100000, 0x00000000c4200000, 0x00000000c4200000|100%| O|  |TAMS 0x00000000c4200000| PB 0x00000000c4100000| Untracked 
|  66|0x00000000c4200000, 0x00000000c4300000, 0x00000000c4300000|100%| O|  |TAMS 0x00000000c4300000| PB 0x00000000c4200000| Untracked 
|  67|0x00000000c4300000, 0x00000000c4400000, 0x00000000c4400000|100%| O|  |TAMS 0x00000000c4400000| PB 0x00000000c4300000| Untracked 
|  68|0x00000000c4400000, 0x00000000c4500000, 0x00000000c4500000|100%| O|  |TAMS 0x00000000c4500000| PB 0x00000000c4400000| Untracked 
|  69|0x00000000c4500000, 0x00000000c4600000, 0x00000000c4600000|100%| O|  |TAMS 0x00000000c4600000| PB 0x00000000c4500000| Untracked 
|  70|0x00000000c4600000, 0x00000000c4700000, 0x00000000c4700000|100%| O|  |TAMS 0x00000000c4700000| PB 0x00000000c4600000| Untracked 
|  71|0x00000000c4700000, 0x00000000c4800000, 0x00000000c4800000|100%| O|  |TAMS 0x00000000c4800000| PB 0x00000000c4700000| Untracked 
|  72|0x00000000c4800000, 0x00000000c4900000, 0x00000000c4900000|100%| O|  |TAMS 0x00000000c4900000| PB 0x00000000c4800000| Untracked 
|  73|0x00000000c4900000, 0x00000000c4a00000, 0x00000000c4a00000|100%| O|  |TAMS 0x00000000c4a00000| PB 0x00000000c4900000| Untracked 
|  74|0x00000000c4a00000, 0x00000000c4b00000, 0x00000000c4b00000|100%| O|  |TAMS 0x00000000c4b00000| PB 0x00000000c4a00000| Untracked 
|  75|0x00000000c4b00000, 0x00000000c4c00000, 0x00000000c4c00000|100%| O|  |TAMS 0x00000000c4c00000| PB 0x00000000c4b00000| Untracked 
|  76|0x00000000c4c00000, 0x00000000c4d00000, 0x00000000c4d00000|100%| O|  |TAMS 0x00000000c4d00000| PB 0x00000000c4c00000| Untracked 
|  77|0x00000000c4d00000, 0x00000000c4e00000, 0x00000000c4e00000|100%| O|  |TAMS 0x00000000c4e00000| PB 0x00000000c4d00000| Untracked 
|  78|0x00000000c4e00000, 0x00000000c4f00000, 0x00000000c4f00000|100%| O|  |TAMS 0x00000000c4f00000| PB 0x00000000c4e00000| Untracked 
|  79|0x00000000c4f00000, 0x00000000c5000000, 0x00000000c5000000|100%| O|  |TAMS 0x00000000c5000000| PB 0x00000000c4f00000| Untracked 
|  80|0x00000000c5000000, 0x00000000c5100000, 0x00000000c5100000|100%| O|  |TAMS 0x00000000c5100000| PB 0x00000000c5000000| Untracked 
|  81|0x00000000c5100000, 0x00000000c5200000, 0x00000000c5200000|100%| O|  |TAMS 0x00000000c5200000| PB 0x00000000c5100000| Untracked 
|  82|0x00000000c5200000, 0x00000000c5300000, 0x00000000c5300000|100%| O|  |TAMS 0x00000000c5300000| PB 0x00000000c5200000| Untracked 
|  83|0x00000000c5300000, 0x00000000c5400000, 0x00000000c5400000|100%| O|  |TAMS 0x00000000c5400000| PB 0x00000000c5300000| Untracked 
|  84|0x00000000c5400000, 0x00000000c5500000, 0x00000000c5500000|100%| O|  |TAMS 0x00000000c5400000| PB 0x00000000c5400000| Untracked 
|  85|0x00000000c5500000, 0x00000000c5600000, 0x00000000c5600000|100%| O|  |TAMS 0x00000000c5600000| PB 0x00000000c5500000| Untracked 
|  86|0x00000000c5600000, 0x00000000c5700000, 0x00000000c5700000|100%| O|  |TAMS 0x00000000c5700000| PB 0x00000000c5600000| Untracked 
|  87|0x00000000c5700000, 0x00000000c5800000, 0x00000000c5800000|100%| O|  |TAMS 0x00000000c5800000| PB 0x00000000c5700000| Untracked 
|  88|0x00000000c5800000, 0x00000000c5900000, 0x00000000c5900000|100%| O|  |TAMS 0x00000000c5900000| PB 0x00000000c5800000| Untracked 
|  89|0x00000000c5900000, 0x00000000c5a00000, 0x00000000c5a00000|100%| O|  |TAMS 0x00000000c5a00000| PB 0x00000000c5900000| Untracked 
|  90|0x00000000c5a00000, 0x00000000c5b00000, 0x00000000c5b00000|100%| O|  |TAMS 0x00000000c5b00000| PB 0x00000000c5a00000| Untracked 
|  91|0x00000000c5b00000, 0x00000000c5c00000, 0x00000000c5c00000|100%| O|  |TAMS 0x00000000c5c00000| PB 0x00000000c5b00000| Untracked 
|  92|0x00000000c5c00000, 0x00000000c5d00000, 0x00000000c5d00000|100%| O|  |TAMS 0x00000000c5d00000| PB 0x00000000c5c00000| Untracked 
|  93|0x00000000c5d00000, 0x00000000c5e00000, 0x00000000c5e00000|100%| O|  |TAMS 0x00000000c5e00000| PB 0x00000000c5d00000| Untracked 
|  94|0x00000000c5e00000, 0x00000000c5f00000, 0x00000000c5f00000|100%| O|  |TAMS 0x00000000c5f00000| PB 0x00000000c5e00000| Untracked 
|  95|0x00000000c5f00000, 0x00000000c6000000, 0x00000000c6000000|100%| O|  |TAMS 0x00000000c6000000| PB 0x00000000c5f00000| Untracked 
|  96|0x00000000c6000000, 0x00000000c6100000, 0x00000000c6100000|100%|HS|  |TAMS 0x00000000c6100000| PB 0x00000000c6000000| Complete 
|  97|0x00000000c6100000, 0x00000000c6200000, 0x00000000c6200000|100%|HS|  |TAMS 0x00000000c6200000| PB 0x00000000c6100000| Complete 
|  98|0x00000000c6200000, 0x00000000c6300000, 0x00000000c6300000|100%|HS|  |TAMS 0x00000000c6300000| PB 0x00000000c6200000| Complete 
|  99|0x00000000c6300000, 0x00000000c6400000, 0x00000000c6400000|100%| O|  |TAMS 0x00000000c6400000| PB 0x00000000c6300000| Untracked 
| 100|0x00000000c6400000, 0x00000000c6500000, 0x00000000c6500000|100%| O|  |TAMS 0x00000000c6500000| PB 0x00000000c6400000| Untracked 
| 101|0x00000000c6500000, 0x00000000c6600000, 0x00000000c6600000|100%| O|  |TAMS 0x00000000c6600000| PB 0x00000000c6500000| Untracked 
| 102|0x00000000c6600000, 0x00000000c6700000, 0x00000000c6700000|100%| O|  |TAMS 0x00000000c6700000| PB 0x00000000c6600000| Untracked 
| 103|0x00000000c6700000, 0x00000000c6800000, 0x00000000c6800000|100%| O|  |TAMS 0x00000000c6800000| PB 0x00000000c6700000| Untracked 
| 104|0x00000000c6800000, 0x00000000c6900000, 0x00000000c6900000|100%| O|  |TAMS 0x00000000c6900000| PB 0x00000000c6800000| Untracked 
| 105|0x00000000c6900000, 0x00000000c6a00000, 0x00000000c6a00000|100%| O|  |TAMS 0x00000000c6a00000| PB 0x00000000c6900000| Untracked 
| 106|0x00000000c6a00000, 0x00000000c6b00000, 0x00000000c6b00000|100%| O|  |TAMS 0x00000000c6b00000| PB 0x00000000c6a00000| Untracked 
| 107|0x00000000c6b00000, 0x00000000c6c00000, 0x00000000c6c00000|100%| O|  |TAMS 0x00000000c6c00000| PB 0x00000000c6b00000| Untracked 
| 108|0x00000000c6c00000, 0x00000000c6d00000, 0x00000000c6d00000|100%| O|  |TAMS 0x00000000c6d00000| PB 0x00000000c6c00000| Untracked 
| 109|0x00000000c6d00000, 0x00000000c6e00000, 0x00000000c6e00000|100%| O|  |TAMS 0x00000000c6e00000| PB 0x00000000c6d00000| Untracked 
| 110|0x00000000c6e00000, 0x00000000c6f00000, 0x00000000c6f00000|100%| O|  |TAMS 0x00000000c6f00000| PB 0x00000000c6e00000| Untracked 
| 111|0x00000000c6f00000, 0x00000000c7000000, 0x00000000c7000000|100%| O|  |TAMS 0x00000000c6f00000| PB 0x00000000c6f00000| Untracked 
| 112|0x00000000c7000000, 0x00000000c7100000, 0x00000000c7100000|100%|HS|  |TAMS 0x00000000c7100000| PB 0x00000000c7000000| Complete 
| 113|0x00000000c7100000, 0x00000000c7200000, 0x00000000c7200000|100%| O|  |TAMS 0x00000000c7200000| PB 0x00000000c7100000| Untracked 
| 114|0x00000000c7200000, 0x00000000c7300000, 0x00000000c7300000|100%| O|  |TAMS 0x00000000c7300000| PB 0x00000000c7200000| Untracked 
| 115|0x00000000c7300000, 0x00000000c7400000, 0x00000000c7400000|100%| O|  |TAMS 0x00000000c7400000| PB 0x00000000c7300000| Untracked 
| 116|0x00000000c7400000, 0x00000000c7500000, 0x00000000c7500000|100%| O|  |TAMS 0x00000000c7500000| PB 0x00000000c7400000| Untracked 
| 117|0x00000000c7500000, 0x00000000c7600000, 0x00000000c7600000|100%| O|  |TAMS 0x00000000c7600000| PB 0x00000000c7500000| Untracked 
| 118|0x00000000c7600000, 0x00000000c7700000, 0x00000000c7700000|100%| O|  |TAMS 0x00000000c7700000| PB 0x00000000c7600000| Untracked 
| 119|0x00000000c7700000, 0x00000000c7800000, 0x00000000c7800000|100%| O|  |TAMS 0x00000000c7800000| PB 0x00000000c7700000| Untracked 
| 120|0x00000000c7800000, 0x00000000c7900000, 0x00000000c7900000|100%| O|  |TAMS 0x00000000c7900000| PB 0x00000000c7800000| Untracked 
| 121|0x00000000c7900000, 0x00000000c7a00000, 0x00000000c7a00000|100%| O|  |TAMS 0x00000000c7a00000| PB 0x00000000c7900000| Untracked 
| 122|0x00000000c7a00000, 0x00000000c7b00000, 0x00000000c7b00000|100%| O|  |TAMS 0x00000000c7b00000| PB 0x00000000c7a00000| Untracked 
| 123|0x00000000c7b00000, 0x00000000c7c00000, 0x00000000c7c00000|100%| O|  |TAMS 0x00000000c7c00000| PB 0x00000000c7b00000| Untracked 
| 124|0x00000000c7c00000, 0x00000000c7d00000, 0x00000000c7d00000|100%| O|  |TAMS 0x00000000c7d00000| PB 0x00000000c7c00000| Untracked 
| 125|0x00000000c7d00000, 0x00000000c7e00000, 0x00000000c7e00000|100%| O|  |TAMS 0x00000000c7e00000| PB 0x00000000c7d00000| Untracked 
| 126|0x00000000c7e00000, 0x00000000c7f00000, 0x00000000c7f00000|100%| O|  |TAMS 0x00000000c7f00000| PB 0x00000000c7e00000| Untracked 
| 127|0x00000000c7f00000, 0x00000000c8000000, 0x00000000c8000000|100%| O|  |TAMS 0x00000000c8000000| PB 0x00000000c7f00000| Untracked 
| 128|0x00000000c8000000, 0x00000000c8100000, 0x00000000c8100000|100%| O|  |TAMS 0x00000000c8100000| PB 0x00000000c8000000| Untracked 
| 129|0x00000000c8100000, 0x00000000c8200000, 0x00000000c8200000|100%| O|  |TAMS 0x00000000c8200000| PB 0x00000000c8100000| Untracked 
| 130|0x00000000c8200000, 0x00000000c8300000, 0x00000000c8300000|100%| O|  |TAMS 0x00000000c8300000| PB 0x00000000c8200000| Untracked 
| 131|0x00000000c8300000, 0x00000000c8400000, 0x00000000c8400000|100%| O|  |TAMS 0x00000000c8400000| PB 0x00000000c8300000| Untracked 
| 132|0x00000000c8400000, 0x00000000c8500000, 0x00000000c8500000|100%| O|  |TAMS 0x00000000c8400000| PB 0x00000000c8400000| Untracked 
| 133|0x00000000c8500000, 0x00000000c8600000, 0x00000000c8600000|100%| O|  |TAMS 0x00000000c8600000| PB 0x00000000c8500000| Untracked 
| 134|0x00000000c8600000, 0x00000000c8700000, 0x00000000c8700000|100%| O|  |TAMS 0x00000000c8700000| PB 0x00000000c8600000| Untracked 
| 135|0x00000000c8700000, 0x00000000c8800000, 0x00000000c8800000|100%| O|  |TAMS 0x00000000c8800000| PB 0x00000000c8700000| Untracked 
| 136|0x00000000c8800000, 0x00000000c8900000, 0x00000000c8900000|100%| O|  |TAMS 0x00000000c8900000| PB 0x00000000c8800000| Untracked 
| 137|0x00000000c8900000, 0x00000000c8a00000, 0x00000000c8a00000|100%| O|  |TAMS 0x00000000c8a00000| PB 0x00000000c8900000| Untracked 
| 138|0x00000000c8a00000, 0x00000000c8b00000, 0x00000000c8b00000|100%| O|  |TAMS 0x00000000c8b00000| PB 0x00000000c8a00000| Untracked 
| 139|0x00000000c8b00000, 0x00000000c8c00000, 0x00000000c8c00000|100%| O|  |TAMS 0x00000000c8c00000| PB 0x00000000c8b00000| Untracked 
| 140|0x00000000c8c00000, 0x00000000c8d00000, 0x00000000c8d00000|100%| O|  |TAMS 0x00000000c8d00000| PB 0x00000000c8c00000| Untracked 
| 141|0x00000000c8d00000, 0x00000000c8e00000, 0x00000000c8e00000|100%| O|  |TAMS 0x00000000c8e00000| PB 0x00000000c8d00000| Untracked 
| 142|0x00000000c8e00000, 0x00000000c8f00000, 0x00000000c8f00000|100%| O|  |TAMS 0x00000000c8f00000| PB 0x00000000c8e00000| Untracked 
| 143|0x00000000c8f00000, 0x00000000c9000000, 0x00000000c9000000|100%| O|  |TAMS 0x00000000c9000000| PB 0x00000000c8f00000| Untracked 
| 144|0x00000000c9000000, 0x00000000c9100000, 0x00000000c9100000|100%| O|  |TAMS 0x00000000c9100000| PB 0x00000000c9000000| Untracked 
| 145|0x00000000c9100000, 0x00000000c9200000, 0x00000000c9200000|100%| O|  |TAMS 0x00000000c9200000| PB 0x00000000c9100000| Untracked 
| 146|0x00000000c9200000, 0x00000000c9300000, 0x00000000c9300000|100%| O|  |TAMS 0x00000000c9300000| PB 0x00000000c9200000| Untracked 
| 147|0x00000000c9300000, 0x00000000c9400000, 0x00000000c9400000|100%| O|  |TAMS 0x00000000c9400000| PB 0x00000000c9300000| Untracked 
| 148|0x00000000c9400000, 0x00000000c9500000, 0x00000000c9500000|100%| O|  |TAMS 0x00000000c9500000| PB 0x00000000c9400000| Untracked 
| 149|0x00000000c9500000, 0x00000000c9600000, 0x00000000c9600000|100%| O|  |TAMS 0x00000000c9600000| PB 0x00000000c9500000| Untracked 
| 150|0x00000000c9600000, 0x00000000c9700000, 0x00000000c9700000|100%| O|  |TAMS 0x00000000c9700000| PB 0x00000000c9600000| Untracked 
| 151|0x00000000c9700000, 0x00000000c9800000, 0x00000000c9800000|100%| O|  |TAMS 0x00000000c9800000| PB 0x00000000c9700000| Untracked 
| 152|0x00000000c9800000, 0x00000000c9900000, 0x00000000c9900000|100%| O|  |TAMS 0x00000000c9900000| PB 0x00000000c9800000| Untracked 
| 153|0x00000000c9900000, 0x00000000c9a00000, 0x00000000c9a00000|100%| O|  |TAMS 0x00000000c9a00000| PB 0x00000000c9900000| Untracked 
| 154|0x00000000c9a00000, 0x00000000c9b00000, 0x00000000c9b00000|100%| O|  |TAMS 0x00000000c9b00000| PB 0x00000000c9a00000| Untracked 
| 155|0x00000000c9b00000, 0x00000000c9c00000, 0x00000000c9c00000|100%| O|  |TAMS 0x00000000c9c00000| PB 0x00000000c9b00000| Untracked 
| 156|0x00000000c9c00000, 0x00000000c9d00000, 0x00000000c9d00000|100%| O|  |TAMS 0x00000000c9d00000| PB 0x00000000c9c00000| Untracked 
| 157|0x00000000c9d00000, 0x00000000c9e00000, 0x00000000c9e00000|100%| O|  |TAMS 0x00000000c9e00000| PB 0x00000000c9d00000| Untracked 
| 158|0x00000000c9e00000, 0x00000000c9f00000, 0x00000000c9f00000|100%| O|  |TAMS 0x00000000c9f00000| PB 0x00000000c9e00000| Untracked 
| 159|0x00000000c9f00000, 0x00000000ca000000, 0x00000000ca000000|100%| O|  |TAMS 0x00000000ca000000| PB 0x00000000c9f00000| Untracked 
| 160|0x00000000ca000000, 0x00000000ca100000, 0x00000000ca100000|100%| O|  |TAMS 0x00000000ca100000| PB 0x00000000ca000000| Untracked 
| 161|0x00000000ca100000, 0x00000000ca200000, 0x00000000ca200000|100%| O|  |TAMS 0x00000000ca200000| PB 0x00000000ca100000| Untracked 
| 162|0x00000000ca200000, 0x00000000ca300000, 0x00000000ca300000|100%|HS|  |TAMS 0x00000000ca300000| PB 0x00000000ca200000| Complete 
| 163|0x00000000ca300000, 0x00000000ca400000, 0x00000000ca400000|100%|HC|  |TAMS 0x00000000ca400000| PB 0x00000000ca300000| Complete 
| 164|0x00000000ca400000, 0x00000000ca500000, 0x00000000ca500000|100%| O|  |TAMS 0x00000000ca500000| PB 0x00000000ca400000| Untracked 
| 165|0x00000000ca500000, 0x00000000ca600000, 0x00000000ca600000|100%| O|  |TAMS 0x00000000ca600000| PB 0x00000000ca500000| Untracked 
| 166|0x00000000ca600000, 0x00000000ca700000, 0x00000000ca700000|100%| O|  |TAMS 0x00000000ca700000| PB 0x00000000ca600000| Untracked 
| 167|0x00000000ca700000, 0x00000000ca800000, 0x00000000ca800000|100%| O|  |TAMS 0x00000000ca800000| PB 0x00000000ca700000| Untracked 
| 168|0x00000000ca800000, 0x00000000ca900000, 0x00000000ca900000|100%| O|  |TAMS 0x00000000ca900000| PB 0x00000000ca800000| Untracked 
| 169|0x00000000ca900000, 0x00000000caa00000, 0x00000000caa00000|100%| O|  |TAMS 0x00000000caa00000| PB 0x00000000ca900000| Untracked 
| 170|0x00000000caa00000, 0x00000000cab00000, 0x00000000cab00000|100%| O|  |TAMS 0x00000000cab00000| PB 0x00000000caa00000| Untracked 
| 171|0x00000000cab00000, 0x00000000cac00000, 0x00000000cac00000|100%| O|  |TAMS 0x00000000cac00000| PB 0x00000000cab00000| Untracked 
| 172|0x00000000cac00000, 0x00000000cad00000, 0x00000000cad00000|100%| O|  |TAMS 0x00000000cad00000| PB 0x00000000cac00000| Untracked 
| 173|0x00000000cad00000, 0x00000000cae00000, 0x00000000cae00000|100%| O|  |TAMS 0x00000000cae00000| PB 0x00000000cad00000| Untracked 
| 174|0x00000000cae00000, 0x00000000caf00000, 0x00000000caf00000|100%| O|  |TAMS 0x00000000caf00000| PB 0x00000000cae00000| Untracked 
| 175|0x00000000caf00000, 0x00000000cb000000, 0x00000000cb000000|100%| O|  |TAMS 0x00000000cb000000| PB 0x00000000caf00000| Untracked 
| 176|0x00000000cb000000, 0x00000000cb100000, 0x00000000cb100000|100%| O|  |TAMS 0x00000000cb100000| PB 0x00000000cb000000| Untracked 
| 177|0x00000000cb100000, 0x00000000cb200000, 0x00000000cb200000|100%| O|  |TAMS 0x00000000cb200000| PB 0x00000000cb100000| Untracked 
| 178|0x00000000cb200000, 0x00000000cb300000, 0x00000000cb300000|100%| O|  |TAMS 0x00000000cb2ef150| PB 0x00000000cb200000| Untracked 
| 179|0x00000000cb300000, 0x00000000cb400000, 0x00000000cb400000|100%| O|  |TAMS 0x00000000cb300000| PB 0x00000000cb300000| Untracked 
| 180|0x00000000cb400000, 0x00000000cb500000, 0x00000000cb500000|100%| O|  |TAMS 0x00000000cb400000| PB 0x00000000cb400000| Untracked 
| 181|0x00000000cb500000, 0x00000000cb600000, 0x00000000cb600000|100%| O|  |TAMS 0x00000000cb500000| PB 0x00000000cb500000| Untracked 
| 182|0x00000000cb600000, 0x00000000cb700000, 0x00000000cb700000|100%| O|  |TAMS 0x00000000cb600000| PB 0x00000000cb600000| Untracked 
| 183|0x00000000cb700000, 0x00000000cb800000, 0x00000000cb800000|100%| O|  |TAMS 0x00000000cb700000| PB 0x00000000cb700000| Untracked 
| 184|0x00000000cb800000, 0x00000000cb900000, 0x00000000cb900000|100%| O|  |TAMS 0x00000000cb800000| PB 0x00000000cb800000| Untracked 
| 185|0x00000000cb900000, 0x00000000cba00000, 0x00000000cba00000|100%| O|  |TAMS 0x00000000cb900000| PB 0x00000000cb900000| Untracked 
| 186|0x00000000cba00000, 0x00000000cba00000, 0x00000000cbb00000|  0%| F|  |TAMS 0x00000000cba00000| PB 0x00000000cba00000| Untracked 
| 187|0x00000000cbb00000, 0x00000000cbb00000, 0x00000000cbc00000|  0%| F|  |TAMS 0x00000000cbb00000| PB 0x00000000cbb00000| Untracked 
| 188|0x00000000cbc00000, 0x00000000cbc00000, 0x00000000cbd00000|  0%| F|  |TAMS 0x00000000cbc00000| PB 0x00000000cbc00000| Untracked 
| 189|0x00000000cbd00000, 0x00000000cbd00000, 0x00000000cbe00000|  0%| F|  |TAMS 0x00000000cbd00000| PB 0x00000000cbd00000| Untracked 
| 190|0x00000000cbe00000, 0x00000000cbe00000, 0x00000000cbf00000|  0%| F|  |TAMS 0x00000000cbe00000| PB 0x00000000cbe00000| Untracked 
| 191|0x00000000cbf00000, 0x00000000cc000000, 0x00000000cc000000|100%| O|  |TAMS 0x00000000cbf00000| PB 0x00000000cbf00000| Untracked 
| 192|0x00000000cc000000, 0x00000000cc0fb8b0, 0x00000000cc100000| 98%| O|  |TAMS 0x00000000cc000000| PB 0x00000000cc000000| Untracked 
| 193|0x00000000cc100000, 0x00000000cc100000, 0x00000000cc200000|  0%| F|  |TAMS 0x00000000cc100000| PB 0x00000000cc100000| Untracked 
| 194|0x00000000cc200000, 0x00000000cc200000, 0x00000000cc300000|  0%| F|  |TAMS 0x00000000cc200000| PB 0x00000000cc200000| Untracked 
| 195|0x00000000cc300000, 0x00000000cc300000, 0x00000000cc400000|  0%| F|  |TAMS 0x00000000cc300000| PB 0x00000000cc300000| Untracked 
| 196|0x00000000cc400000, 0x00000000cc400000, 0x00000000cc500000|  0%| F|  |TAMS 0x00000000cc400000| PB 0x00000000cc400000| Untracked 
| 197|0x00000000cc500000, 0x00000000cc500000, 0x00000000cc600000|  0%| F|  |TAMS 0x00000000cc500000| PB 0x00000000cc500000| Untracked 
| 198|0x00000000cc600000, 0x00000000cc600000, 0x00000000cc700000|  0%| F|  |TAMS 0x00000000cc600000| PB 0x00000000cc600000| Untracked 
| 199|0x00000000cc700000, 0x00000000cc700000, 0x00000000cc800000|  0%| F|  |TAMS 0x00000000cc700000| PB 0x00000000cc700000| Untracked 
| 200|0x00000000cc800000, 0x00000000cc900000, 0x00000000cc900000|100%| S|CS|TAMS 0x00000000cc800000| PB 0x00000000cc800000| Complete 
| 201|0x00000000cc900000, 0x00000000cc900000, 0x00000000cca00000|  0%| F|  |TAMS 0x00000000cc900000| PB 0x00000000cc900000| Untracked 
| 202|0x00000000cca00000, 0x00000000cca00000, 0x00000000ccb00000|  0%| F|  |TAMS 0x00000000cca00000| PB 0x00000000cca00000| Untracked 
| 203|0x00000000ccb00000, 0x00000000ccb00000, 0x00000000ccc00000|  0%| F|  |TAMS 0x00000000ccb00000| PB 0x00000000ccb00000| Untracked 
| 204|0x00000000ccc00000, 0x00000000ccc00000, 0x00000000ccd00000|  0%| F|  |TAMS 0x00000000ccc00000| PB 0x00000000ccc00000| Untracked 
| 205|0x00000000ccd00000, 0x00000000cce00000, 0x00000000cce00000|100%| S|CS|TAMS 0x00000000ccd00000| PB 0x00000000ccd00000| Complete 
| 206|0x00000000cce00000, 0x00000000ccf00000, 0x00000000ccf00000|100%| S|CS|TAMS 0x00000000cce00000| PB 0x00000000cce00000| Complete 
| 207|0x00000000ccf00000, 0x00000000cd000000, 0x00000000cd000000|100%| S|CS|TAMS 0x00000000ccf00000| PB 0x00000000ccf00000| Complete 
| 208|0x00000000cd000000, 0x00000000cd100000, 0x00000000cd100000|100%| S|CS|TAMS 0x00000000cd000000| PB 0x00000000cd000000| Complete 
| 209|0x00000000cd100000, 0x00000000cd200000, 0x00000000cd200000|100%| S|CS|TAMS 0x00000000cd100000| PB 0x00000000cd100000| Complete 
| 210|0x00000000cd200000, 0x00000000cd300000, 0x00000000cd300000|100%| S|CS|TAMS 0x00000000cd200000| PB 0x00000000cd200000| Complete 
| 211|0x00000000cd300000, 0x00000000cd400000, 0x00000000cd400000|100%| S|CS|TAMS 0x00000000cd300000| PB 0x00000000cd300000| Complete 
| 212|0x00000000cd400000, 0x00000000cd400000, 0x00000000cd500000|  0%| F|  |TAMS 0x00000000cd400000| PB 0x00000000cd400000| Untracked 
| 213|0x00000000cd500000, 0x00000000cd500000, 0x00000000cd600000|  0%| F|  |TAMS 0x00000000cd500000| PB 0x00000000cd500000| Untracked 
| 214|0x00000000cd600000, 0x00000000cd600000, 0x00000000cd700000|  0%| F|  |TAMS 0x00000000cd600000| PB 0x00000000cd600000| Untracked 
| 215|0x00000000cd700000, 0x00000000cd700000, 0x00000000cd800000|  0%| F|  |TAMS 0x00000000cd700000| PB 0x00000000cd700000| Untracked 
| 216|0x00000000cd800000, 0x00000000cd800000, 0x00000000cd900000|  0%| F|  |TAMS 0x00000000cd800000| PB 0x00000000cd800000| Untracked 
| 217|0x00000000cd900000, 0x00000000cd900000, 0x00000000cda00000|  0%| F|  |TAMS 0x00000000cd900000| PB 0x00000000cd900000| Untracked 
| 218|0x00000000cda00000, 0x00000000cda00000, 0x00000000cdb00000|  0%| F|  |TAMS 0x00000000cda00000| PB 0x00000000cda00000| Untracked 
| 219|0x00000000cdb00000, 0x00000000cdb00000, 0x00000000cdc00000|  0%| F|  |TAMS 0x00000000cdb00000| PB 0x00000000cdb00000| Untracked 
| 220|0x00000000cdc00000, 0x00000000cdc00000, 0x00000000cdd00000|  0%| F|  |TAMS 0x00000000cdc00000| PB 0x00000000cdc00000| Untracked 
| 221|0x00000000cdd00000, 0x00000000cdd00000, 0x00000000cde00000|  0%| F|  |TAMS 0x00000000cdd00000| PB 0x00000000cdd00000| Untracked 
| 222|0x00000000cde00000, 0x00000000cde00000, 0x00000000cdf00000|  0%| F|  |TAMS 0x00000000cde00000| PB 0x00000000cde00000| Untracked 
| 223|0x00000000cdf00000, 0x00000000cdf00000, 0x00000000ce000000|  0%| F|  |TAMS 0x00000000cdf00000| PB 0x00000000cdf00000| Untracked 
| 224|0x00000000ce000000, 0x00000000ce000000, 0x00000000ce100000|  0%| F|  |TAMS 0x00000000ce000000| PB 0x00000000ce000000| Untracked 
| 225|0x00000000ce100000, 0x00000000ce100000, 0x00000000ce200000|  0%| F|  |TAMS 0x00000000ce100000| PB 0x00000000ce100000| Untracked 
| 226|0x00000000ce200000, 0x00000000ce200000, 0x00000000ce300000|  0%| F|  |TAMS 0x00000000ce200000| PB 0x00000000ce200000| Untracked 
| 227|0x00000000ce300000, 0x00000000ce300000, 0x00000000ce400000|  0%| F|  |TAMS 0x00000000ce300000| PB 0x00000000ce300000| Untracked 
| 228|0x00000000ce400000, 0x00000000ce400000, 0x00000000ce500000|  0%| F|  |TAMS 0x00000000ce400000| PB 0x00000000ce400000| Untracked 
| 229|0x00000000ce500000, 0x00000000ce500000, 0x00000000ce600000|  0%| F|  |TAMS 0x00000000ce500000| PB 0x00000000ce500000| Untracked 
| 230|0x00000000ce600000, 0x00000000ce600000, 0x00000000ce700000|  0%| F|  |TAMS 0x00000000ce600000| PB 0x00000000ce600000| Untracked 
| 231|0x00000000ce700000, 0x00000000ce700000, 0x00000000ce800000|  0%| F|  |TAMS 0x00000000ce700000| PB 0x00000000ce700000| Untracked 
| 232|0x00000000ce800000, 0x00000000ce800000, 0x00000000ce900000|  0%| F|  |TAMS 0x00000000ce800000| PB 0x00000000ce800000| Untracked 
| 233|0x00000000ce900000, 0x00000000ce900000, 0x00000000cea00000|  0%| F|  |TAMS 0x00000000ce900000| PB 0x00000000ce900000| Untracked 
| 234|0x00000000cea00000, 0x00000000cea00000, 0x00000000ceb00000|  0%| F|  |TAMS 0x00000000cea00000| PB 0x00000000cea00000| Untracked 
| 235|0x00000000ceb00000, 0x00000000ceb00000, 0x00000000cec00000|  0%| F|  |TAMS 0x00000000ceb00000| PB 0x00000000ceb00000| Untracked 
| 236|0x00000000cec00000, 0x00000000cec00000, 0x00000000ced00000|  0%| F|  |TAMS 0x00000000cec00000| PB 0x00000000cec00000| Untracked 
| 237|0x00000000ced00000, 0x00000000ced00000, 0x00000000cee00000|  0%| F|  |TAMS 0x00000000ced00000| PB 0x00000000ced00000| Untracked 
| 238|0x00000000cee00000, 0x00000000cee00000, 0x00000000cef00000|  0%| F|  |TAMS 0x00000000cee00000| PB 0x00000000cee00000| Untracked 
| 239|0x00000000cef00000, 0x00000000cef00000, 0x00000000cf000000|  0%| F|  |TAMS 0x00000000cef00000| PB 0x00000000cef00000| Untracked 
| 240|0x00000000cf000000, 0x00000000cf000000, 0x00000000cf100000|  0%| F|  |TAMS 0x00000000cf000000| PB 0x00000000cf000000| Untracked 
| 241|0x00000000cf100000, 0x00000000cf100000, 0x00000000cf200000|  0%| F|  |TAMS 0x00000000cf100000| PB 0x00000000cf100000| Untracked 
| 242|0x00000000cf200000, 0x00000000cf200000, 0x00000000cf300000|  0%| F|  |TAMS 0x00000000cf200000| PB 0x00000000cf200000| Untracked 
| 243|0x00000000cf300000, 0x00000000cf300000, 0x00000000cf400000|  0%| F|  |TAMS 0x00000000cf300000| PB 0x00000000cf300000| Untracked 
| 244|0x00000000cf400000, 0x00000000cf400000, 0x00000000cf500000|  0%| F|  |TAMS 0x00000000cf400000| PB 0x00000000cf400000| Untracked 
| 245|0x00000000cf500000, 0x00000000cf500000, 0x00000000cf600000|  0%| F|  |TAMS 0x00000000cf500000| PB 0x00000000cf500000| Untracked 
| 246|0x00000000cf600000, 0x00000000cf600000, 0x00000000cf700000|  0%| F|  |TAMS 0x00000000cf600000| PB 0x00000000cf600000| Untracked 
| 247|0x00000000cf700000, 0x00000000cf700000, 0x00000000cf800000|  0%| F|  |TAMS 0x00000000cf700000| PB 0x00000000cf700000| Untracked 
| 248|0x00000000cf800000, 0x00000000cf800000, 0x00000000cf900000|  0%| F|  |TAMS 0x00000000cf800000| PB 0x00000000cf800000| Untracked 
| 249|0x00000000cf900000, 0x00000000cf900000, 0x00000000cfa00000|  0%| F|  |TAMS 0x00000000cf900000| PB 0x00000000cf900000| Untracked 
| 250|0x00000000cfa00000, 0x00000000cfa00000, 0x00000000cfb00000|  0%| F|  |TAMS 0x00000000cfa00000| PB 0x00000000cfa00000| Untracked 
| 251|0x00000000cfb00000, 0x00000000cfb00000, 0x00000000cfc00000|  0%| F|  |TAMS 0x00000000cfb00000| PB 0x00000000cfb00000| Untracked 
| 252|0x00000000cfc00000, 0x00000000cfc00000, 0x00000000cfd00000|  0%| F|  |TAMS 0x00000000cfc00000| PB 0x00000000cfc00000| Untracked 
| 253|0x00000000cfd00000, 0x00000000cfd00000, 0x00000000cfe00000|  0%| F|  |TAMS 0x00000000cfd00000| PB 0x00000000cfd00000| Untracked 
| 254|0x00000000cfe00000, 0x00000000cfe00000, 0x00000000cff00000|  0%| F|  |TAMS 0x00000000cfe00000| PB 0x00000000cfe00000| Untracked 
| 255|0x00000000cff00000, 0x00000000cff00000, 0x00000000d0000000|  0%| F|  |TAMS 0x00000000cff00000| PB 0x00000000cff00000| Untracked 
| 256|0x00000000d0000000, 0x00000000d0000000, 0x00000000d0100000|  0%| F|  |TAMS 0x00000000d0000000| PB 0x00000000d0000000| Untracked 
| 257|0x00000000d0100000, 0x00000000d0100000, 0x00000000d0200000|  0%| F|  |TAMS 0x00000000d0100000| PB 0x00000000d0100000| Untracked 
| 258|0x00000000d0200000, 0x00000000d0200000, 0x00000000d0300000|  0%| F|  |TAMS 0x00000000d0200000| PB 0x00000000d0200000| Untracked 
| 259|0x00000000d0300000, 0x00000000d0300000, 0x00000000d0400000|  0%| F|  |TAMS 0x00000000d0300000| PB 0x00000000d0300000| Untracked 
| 260|0x00000000d0400000, 0x00000000d0400000, 0x00000000d0500000|  0%| F|  |TAMS 0x00000000d0400000| PB 0x00000000d0400000| Untracked 
| 261|0x00000000d0500000, 0x00000000d0500000, 0x00000000d0600000|  0%| F|  |TAMS 0x00000000d0500000| PB 0x00000000d0500000| Untracked 
| 262|0x00000000d0600000, 0x00000000d0600000, 0x00000000d0700000|  0%| F|  |TAMS 0x00000000d0600000| PB 0x00000000d0600000| Untracked 
| 263|0x00000000d0700000, 0x00000000d0700000, 0x00000000d0800000|  0%| F|  |TAMS 0x00000000d0700000| PB 0x00000000d0700000| Untracked 

Card table byte_map: [0x000001dd17fb0000,0x000001dd181b0000] _byte_map_base: 0x000001dd179b0000

Marking Bits: (CMBitMap*) 0x000001dd7fc3c170
 Bits: [0x000001dd181b0000, 0x000001dd191b0000)

Polling page: 0x000001dd7e480000

Metaspace:

Usage:
  Non-class:      8.72 MB used.
      Class:      1.31 MB used.
       Both:     10.03 MB used.

Virtual space:
  Non-class space:       64.00 MB reserved,       8.81 MB ( 14%) committed,  1 nodes.
      Class space:        1.00 GB reserved,       1.44 MB ( <1%) committed,  1 nodes.
             Both:        1.06 GB reserved,      10.25 MB ( <1%) committed. 

Chunk freelists:
   Non-Class:  6.38 MB
       Class:  14.43 MB
        Both:  20.81 MB

MaxMetaspaceSize: unlimited
CompressedClassSpaceSize: 1.00 GB
Initial GC threshold: 21.00 MB
Current GC threshold: 21.00 MB
CDS: on
 - commit_granule_bytes: 65536.
 - commit_granule_words: 8192.
 - virtual_space_node_default_size: 8388608.
 - enlarge_chunks_in_place: 1.
 - use_allocation_guard: 0.


Internal statistics:

num_allocs_failed_limit: 0.
num_arena_births: 192.
num_arena_deaths: 64.
num_vsnodes_births: 2.
num_vsnodes_deaths: 0.
num_space_committed: 164.
num_space_uncommitted: 0.
num_chunks_returned_to_freelist: 94.
num_chunks_taken_from_freelist: 563.
num_chunk_merges: 39.
num_chunk_splits: 345.
num_chunks_enlarged: 228.
num_inconsistent_stats: 0.

CodeHeap 'non-profiled nmethods': size=120000Kb used=1730Kb max_used=1839Kb free=118270Kb
 bounds [0x000001dd10110000, 0x000001dd10380000, 0x000001dd17640000]
CodeHeap 'profiled nmethods': size=120000Kb used=4477Kb max_used=5717Kb free=115522Kb
 bounds [0x000001dd08640000, 0x000001dd08be0000, 0x000001dd0fb70000]
CodeHeap 'non-nmethods': size=5760Kb used=1501Kb max_used=1569Kb free=4258Kb
 bounds [0x000001dd0fb70000, 0x000001dd0fde0000, 0x000001dd10110000]
CodeCache: size=245760Kb, used=7708Kb, max_used=9125Kb, free=238050Kb
 total_blobs=2659, nmethods=2193, adapters=370, full_count=0
Compilation: enabled, stopped_count=0, restarted_count=0

Compilation events (20 events):
Event: 4.632 Thread 0x000001dd1bbe6150 2740       3       com.android.tools.r8.graph.w4::a (67 bytes)
Event: 4.634 Thread 0x000001dd1bbe6150 nmethod 2740 0x000001dd088c0290 code [0x000001dd088c05c0, 0x000001dd088c1b90]
Event: 4.634 Thread 0x000001dd1bbe6150 2741       3       com.android.tools.r8.internal.Mb::<init> (80 bytes)
Event: 4.634 Thread 0x000001dd1bbe6150 nmethod 2741 0x000001dd087ff610 code [0x000001dd087ff7c0, 0x000001dd087ffaa8]
Event: 4.640 Thread 0x000001dd62177e90 nmethod 2720 0x000001dd10141090 code [0x000001dd101412a0, 0x000001dd10141fc8]
Event: 4.640 Thread 0x000001dd62177e90 2724       4       com.android.tools.r8.graph.u4::apply (40 bytes)
Event: 4.643 Thread 0x000001dd1bbe6150 2742       3       com.android.tools.r8.internal.ta::<init> (86 bytes)
Event: 4.643 Thread 0x000001dd1bbe6150 nmethod 2742 0x000001dd08856990 code [0x000001dd08856b40, 0x000001dd08856df0]
Event: 4.644 Thread 0x000001dd62177e90 nmethod 2724 0x000001dd10149810 code [0x000001dd101499c0, 0x000001dd10149be0]
Event: 4.644 Thread 0x000001dd62177e90 2725       4       com.android.tools.r8.graph.w4::c (812 bytes)
Event: 4.651 Thread 0x000001dd1bbe6150 2743       3       com.android.tools.r8.internal.Da::<init> (118 bytes)
Event: 4.651 Thread 0x000001dd1bbe6150 nmethod 2743 0x000001dd089a3110 code [0x000001dd089a32c0, 0x000001dd089a3570]
Event: 4.673 Thread 0x000001dd62177e90 nmethod 2725 0x000001dd1020b290 code [0x000001dd1020b480, 0x000001dd1020c128]
Event: 4.673 Thread 0x000001dd62177e90 2727       4       com.android.tools.r8.graph.G::<init> (51 bytes)
Event: 4.684 Thread 0x000001dd62177e90 nmethod 2727 0x000001dd10213590 code [0x000001dd10213720, 0x000001dd10213d70]
Event: 4.685 Thread 0x000001dd62177e90 2739       4       com.android.tools.r8.graph.s4::a (129 bytes)
Event: 4.693 Thread 0x000001dd1bbe6150 2746       3       java.lang.String::repeat (151 bytes)
Event: 4.694 Thread 0x000001dd1bbe6150 nmethod 2746 0x000001dd08664590 code [0x000001dd08664860, 0x000001dd08665658]
Event: 4.697 Thread 0x000001dd1bbe6150 2748       3       com.android.tools.r8.graph.u1::a (42 bytes)
Event: 4.699 Thread 0x000001dd1bbe6150 nmethod 2748 0x000001dd08854210 code [0x000001dd088545c0, 0x000001dd08855b98]

GC Heap History (20 events):
Event: 1.817 GC heap after
{Heap after GC invocations=5 (full 0):
 garbage-first heap   total 155648K, used 53248K [0x00000000c0000000, 0x0000000100000000)
  region size 1024K, 7 young (7168K), 7 survivors (7168K)
 Metaspace       used 5705K, committed 5952K, reserved 1114112K
  class space    used 641K, committed 768K, reserved 1048576K
}
Event: 2.127 GC heap before
{Heap before GC invocations=5 (full 0):
 garbage-first heap   total 155648K, used 109568K [0x00000000c0000000, 0x0000000100000000)
  region size 1024K, 61 young (62464K), 7 survivors (7168K)
 Metaspace       used 7410K, committed 7680K, reserved 1114112K
  class space    used 913K, committed 1024K, reserved 1048576K
}
Event: 2.144 GC heap after
{Heap after GC invocations=6 (full 0):
 garbage-first heap   total 155648K, used 69632K [0x00000000c0000000, 0x0000000100000000)
  region size 1024K, 8 young (8192K), 8 survivors (8192K)
 Metaspace       used 7410K, committed 7680K, reserved 1114112K
  class space    used 913K, committed 1024K, reserved 1048576K
}
Event: 2.303 GC heap before
{Heap before GC invocations=6 (full 0):
 garbage-first heap   total 155648K, used 117760K [0x00000000c0000000, 0x0000000100000000)
  region size 1024K, 55 young (56320K), 8 survivors (8192K)
 Metaspace       used 7692K, committed 8000K, reserved 1114112K
  class space    used 942K, committed 1088K, reserved 1048576K
}
Event: 2.330 GC heap after
{Heap after GC invocations=7 (full 0):
 garbage-first heap   total 155648K, used 82944K [0x00000000c0000000, 0x0000000100000000)
  region size 1024K, 7 young (7168K), 7 survivors (7168K)
 Metaspace       used 7692K, committed 8000K, reserved 1114112K
  class space    used 942K, committed 1088K, reserved 1048576K
}
Event: 2.494 GC heap before
{Heap before GC invocations=7 (full 0):
 garbage-first heap   total 155648K, used 124928K [0x00000000c0000000, 0x0000000100000000)
  region size 1024K, 49 young (50176K), 7 survivors (7168K)
 Metaspace       used 7708K, committed 8000K, reserved 1114112K
  class space    used 943K, committed 1088K, reserved 1048576K
}
Event: 2.521 GC heap after
{Heap after GC invocations=8 (full 0):
 garbage-first heap   total 155648K, used 94208K [0x00000000c0000000, 0x0000000100000000)
  region size 1024K, 7 young (7168K), 7 survivors (7168K)
 Metaspace       used 7708K, committed 8000K, reserved 1114112K
  class space    used 943K, committed 1088K, reserved 1048576K
}
Event: 2.601 GC heap before
{Heap before GC invocations=8 (full 0):
 garbage-first heap   total 157696K, used 131072K [0x00000000c0000000, 0x0000000100000000)
  region size 1024K, 43 young (44032K), 7 survivors (7168K)
 Metaspace       used 7712K, committed 8000K, reserved 1114112K
  class space    used 932K, committed 1088K, reserved 1048576K
}
Event: 2.631 GC heap after
{Heap after GC invocations=9 (full 0):
 garbage-first heap   total 266240K, used 103936K [0x00000000c0000000, 0x0000000100000000)
  region size 1024K, 6 young (6144K), 6 survivors (6144K)
 Metaspace       used 7712K, committed 8000K, reserved 1114112K
  class space    used 932K, committed 1088K, reserved 1048576K
}
Event: 2.813 GC heap before
{Heap before GC invocations=10 (full 0):
 garbage-first heap   total 266240K, used 196096K [0x00000000c0000000, 0x0000000100000000)
  region size 1024K, 93 young (95232K), 6 survivors (6144K)
 Metaspace       used 7712K, committed 8000K, reserved 1114112K
  class space    used 932K, committed 1088K, reserved 1048576K
}
Event: 2.853 GC heap after
{Heap after GC invocations=11 (full 0):
 garbage-first heap   total 266240K, used 127927K [0x00000000c0000000, 0x0000000100000000)
  region size 1024K, 12 young (12288K), 12 survivors (12288K)
 Metaspace       used 7712K, committed 8000K, reserved 1114112K
  class space    used 932K, committed 1088K, reserved 1048576K
}
Event: 2.994 GC heap before
{Heap before GC invocations=11 (full 0):
 garbage-first heap   total 266240K, used 205751K [0x00000000c0000000, 0x0000000100000000)
  region size 1024K, 88 young (90112K), 12 survivors (12288K)
 Metaspace       used 7712K, committed 8000K, reserved 1114112K
  class space    used 932K, committed 1088K, reserved 1048576K
}
Event: 3.070 GC heap after
{Heap after GC invocations=12 (full 0):
 garbage-first heap   total 266240K, used 145408K [0x00000000c0000000, 0x0000000100000000)
  region size 1024K, 11 young (11264K), 11 survivors (11264K)
 Metaspace       used 7712K, committed 8000K, reserved 1114112K
  class space    used 932K, committed 1088K, reserved 1048576K
}
Event: 3.987 GC heap before
{Heap before GC invocations=12 (full 0):
 garbage-first heap   total 266240K, used 216064K [0x00000000c0000000, 0x0000000100000000)
  region size 1024K, 81 young (82944K), 11 survivors (11264K)
 Metaspace       used 10260K, committed 10496K, reserved 1114112K
  class space    used 1339K, committed 1472K, reserved 1048576K
}
Event: 4.033 GC heap after
{Heap after GC invocations=13 (full 0):
 garbage-first heap   total 266240K, used 161280K [0x00000000c0000000, 0x0000000100000000)
  region size 1024K, 11 young (11264K), 11 survivors (11264K)
 Metaspace       used 10260K, committed 10496K, reserved 1114112K
  class space    used 1339K, committed 1472K, reserved 1048576K
}
Event: 4.419 GC heap before
{Heap before GC invocations=14 (full 0):
 garbage-first heap   total 270336K, used 225792K [0x00000000c0000000, 0x0000000100000000)
  region size 1024K, 74 young (75776K), 11 survivors (11264K)
 Metaspace       used 10268K, committed 10496K, reserved 1114112K
  class space    used 1337K, committed 1472K, reserved 1048576K
}
Event: 4.453 GC heap after
{Heap after GC invocations=15 (full 0):
 garbage-first heap   total 270336K, used 175599K [0x00000000c0000000, 0x0000000100000000)
  region size 1024K, 10 young (10240K), 10 survivors (10240K)
 Metaspace       used 10268K, committed 10496K, reserved 1114112K
  class space    used 1337K, committed 1472K, reserved 1048576K
}
Event: 4.579 GC heap before
{Heap before GC invocations=15 (full 0):
 garbage-first heap   total 270336K, used 238063K [0x00000000c0000000, 0x0000000100000000)
  region size 1024K, 69 young (70656K), 10 survivors (10240K)
 Metaspace       used 10268K, committed 10496K, reserved 1114112K
  class space    used 1337K, committed 1472K, reserved 1048576K
}
Event: 4.608 GC heap after
{Heap after GC invocations=16 (full 0):
 garbage-first heap   total 270336K, used 187324K [0x00000000c0000000, 0x0000000100000000)
  region size 1024K, 9 young (9216K), 9 survivors (9216K)
 Metaspace       used 10268K, committed 10496K, reserved 1114112K
  class space    used 1337K, committed 1472K, reserved 1048576K
}
Event: 4.703 GC heap before
{Heap before GC invocations=16 (full 0):
 garbage-first heap   total 270336K, used 240572K [0x00000000c0000000, 0x0000000100000000)
  region size 1024K, 61 young (62464K), 9 survivors (9216K)
 Metaspace       used 10268K, committed 10496K, reserved 1114112K
  class space    used 1337K, committed 1472K, reserved 1048576K
}

Dll operation events (7 events):
Event: 0.010 Loaded shared library C:\Program Files\Android\openjdk\jdk-21.0.8\bin\java.dll
Event: 0.055 Loaded shared library C:\Program Files\Android\openjdk\jdk-21.0.8\bin\jsvml.dll
Event: 0.081 Loaded shared library C:\Program Files\Android\openjdk\jdk-21.0.8\bin\net.dll
Event: 0.083 Loaded shared library C:\Program Files\Android\openjdk\jdk-21.0.8\bin\nio.dll
Event: 0.100 Loaded shared library C:\Program Files\Android\openjdk\jdk-21.0.8\bin\zip.dll
Event: 0.452 Loaded shared library C:\Program Files\Android\openjdk\jdk-21.0.8\bin\jimage.dll
Event: 1.920 Loaded shared library C:\Program Files\Android\openjdk\jdk-21.0.8\bin\verify.dll

Deoptimization events (20 events):
Event: 3.742 Thread 0x000001dd619fcb40 DEOPT PACKING pc=0x000001dd08ac1cd0 sp=0x00000081956fe2b0
Event: 3.742 Thread 0x000001dd619fcb40 DEOPT UNPACKING pc=0x000001dd0fbc88e2 sp=0x00000081956fd9e0 mode 0
Event: 3.788 Thread 0x000001dd619fcb40 Uncommon trap: trap_request=0xffffff45 fr.pc=0x000001dd102c370c relative=0x000000000000006c
Event: 3.788 Thread 0x000001dd618fd630 DEOPT PACKING pc=0x000001dd08ac1cd0 sp=0x00000081955fe3a0
Event: 3.789 Thread 0x000001dd618fd630 DEOPT UNPACKING pc=0x000001dd0fbc88e2 sp=0x00000081955fdad0 mode 0
Event: 3.792 Thread 0x000001dd619fcb40 Uncommon trap: reason=unstable_if action=reinterpret pc=0x000001dd102c370c method=com.android.tools.r8.graph.O4.D()Z @ 23 c2
Event: 3.792 Thread 0x000001dd619fcb40 DEOPT PACKING pc=0x000001dd102c370c sp=0x00000081956fea60
Event: 3.792 Thread 0x000001dd619fcb40 DEOPT UNPACKING pc=0x000001dd0fbc7da2 sp=0x00000081956fe9e8 mode 2
Event: 4.460 Thread 0x000001dd618067f0 DEOPT PACKING pc=0x000001dd08bbdfa1 sp=0x0000008194bff150
Event: 4.460 Thread 0x000001dd618067f0 DEOPT UNPACKING pc=0x000001dd0fbc88e2 sp=0x0000008194bfe6a8 mode 0
Event: 4.469 Thread 0x000001dd618fd630 DEOPT PACKING pc=0x000001dd08bbbcea sp=0x00000081955fe3e0
Event: 4.469 Thread 0x000001dd618fd630 DEOPT UNPACKING pc=0x000001dd0fbc88e2 sp=0x00000081955fd898 mode 0
Event: 4.631 Thread 0x000001dd619fd5a0 DEOPT PACKING pc=0x000001dd08b6734c sp=0x00000081957fe670
Event: 4.631 Thread 0x000001dd619fd5a0 DEOPT UNPACKING pc=0x000001dd0fbc88e2 sp=0x00000081957fdd98 mode 0
Event: 4.648 Thread 0x000001dd619fd5a0 DEOPT PACKING pc=0x000001dd08b6734c sp=0x00000081957fe670
Event: 4.648 Thread 0x000001dd619fd5a0 DEOPT UNPACKING pc=0x000001dd0fbc88e2 sp=0x00000081957fdd98 mode 0
Event: 4.665 Thread 0x000001dd618fcbc0 DEOPT PACKING pc=0x000001dd08b6734c sp=0x00000081954fe500
Event: 4.665 Thread 0x000001dd618fcbc0 DEOPT UNPACKING pc=0x000001dd0fbc88e2 sp=0x00000081954fdc28 mode 0
Event: 4.672 Thread 0x000001dd619fd5a0 DEOPT PACKING pc=0x000001dd08b6734c sp=0x00000081957fe670
Event: 4.672 Thread 0x000001dd619fd5a0 DEOPT UNPACKING pc=0x000001dd0fbc88e2 sp=0x00000081957fdd98 mode 0

Classes loaded (20 events):
Event: 1.913 Loading class java/util/concurrent/ForkJoinTask$AdaptedCallable
Event: 1.914 Loading class java/util/concurrent/RunnableFuture
Event: 1.914 Loading class java/util/concurrent/RunnableFuture done
Event: 1.914 Loading class java/util/concurrent/ForkJoinTask$AdaptedCallable done
Event: 1.934 Loading class java/lang/reflect/GenericSignatureFormatError
Event: 1.934 Loading class java/lang/ClassFormatError
Event: 1.934 Loading class java/lang/ClassFormatError done
Event: 1.935 Loading class java/lang/reflect/GenericSignatureFormatError done
Event: 2.573 Loading class java/util/concurrent/ConcurrentHashMap$TreeNode
Event: 2.581 Loading class java/util/concurrent/ConcurrentHashMap$TreeNode done
Event: 2.581 Loading class java/util/concurrent/ConcurrentHashMap$TreeBin
Event: 2.587 Loading class java/util/concurrent/ConcurrentHashMap$TreeBin done
Event: 3.126 Loading class java/util/concurrent/ConcurrentLinkedQueue$Itr
Event: 3.127 Loading class java/util/concurrent/ConcurrentLinkedQueue$Itr done
Event: 3.400 Loading class java/util/LinkedList
Event: 3.401 Loading class java/util/AbstractSequentialList
Event: 3.402 Loading class java/util/AbstractSequentialList done
Event: 3.402 Loading class java/util/LinkedList done
Event: 3.521 Loading class java/lang/ArrayIndexOutOfBoundsException
Event: 3.521 Loading class java/lang/ArrayIndexOutOfBoundsException done

Classes unloaded (20 events):
Event: 2.588 Thread 0x000001dd1bbb2b30 Unloading class 0x000001dd1d114800 'java/lang/invoke/LambdaForm$DMH+0x000001dd1d114800'
Event: 2.588 Thread 0x000001dd1bbb2b30 Unloading class 0x000001dd1d114000 'java/lang/invoke/LambdaForm$DMH+0x000001dd1d114000'
Event: 2.588 Thread 0x000001dd1bbb2b30 Unloading class 0x000001dd1d0bdc00 'java/lang/invoke/LambdaForm$DMH+0x000001dd1d0bdc00'
Event: 2.588 Thread 0x000001dd1bbb2b30 Unloading class 0x000001dd1d0bd800 'java/lang/invoke/LambdaForm$DMH+0x000001dd1d0bd800'
Event: 2.588 Thread 0x000001dd1bbb2b30 Unloading class 0x000001dd1d0bd400 'java/lang/invoke/LambdaForm$DMH+0x000001dd1d0bd400'
Event: 2.588 Thread 0x000001dd1bbb2b30 Unloading class 0x000001dd1d0bc800 'java/lang/invoke/LambdaForm$DMH+0x000001dd1d0bc800'
Event: 2.588 Thread 0x000001dd1bbb2b30 Unloading class 0x000001dd1d0bc400 'java/lang/invoke/LambdaForm$DMH+0x000001dd1d0bc400'
Event: 2.588 Thread 0x000001dd1bbb2b30 Unloading class 0x000001dd1d0bd000 'java/lang/invoke/LambdaForm$DMH+0x000001dd1d0bd000'
Event: 2.588 Thread 0x000001dd1bbb2b30 Unloading class 0x000001dd1d0bcc00 'java/lang/invoke/LambdaForm$DMH+0x000001dd1d0bcc00'
Event: 2.588 Thread 0x000001dd1bbb2b30 Unloading class 0x000001dd1d0b1800 'java/lang/invoke/LambdaForm$DMH+0x000001dd1d0b1800'
Event: 2.588 Thread 0x000001dd1bbb2b30 Unloading class 0x000001dd1d0b1400 'java/lang/invoke/LambdaForm$DMH+0x000001dd1d0b1400'
Event: 2.588 Thread 0x000001dd1bbb2b30 Unloading class 0x000001dd1d0b1000 'java/lang/invoke/LambdaForm$DMH+0x000001dd1d0b1000'
Event: 2.588 Thread 0x000001dd1bbb2b30 Unloading class 0x000001dd1d0b0c00 'java/lang/invoke/LambdaForm$DMH+0x000001dd1d0b0c00'
Event: 2.588 Thread 0x000001dd1bbb2b30 Unloading class 0x000001dd1d0b0800 'java/lang/invoke/LambdaForm$DMH+0x000001dd1d0b0800'
Event: 2.588 Thread 0x000001dd1bbb2b30 Unloading class 0x000001dd1d0b0400 'java/lang/invoke/LambdaForm$DMH+0x000001dd1d0b0400'
Event: 2.588 Thread 0x000001dd1bbb2b30 Unloading class 0x000001dd1d0b0000 'java/lang/invoke/LambdaForm$DMH+0x000001dd1d0b0000'
Event: 4.242 Thread 0x000001dd1bbb2b30 Unloading class 0x000001dd1d131000 'java/lang/invoke/LambdaForm$DMH+0x000001dd1d131000'
Event: 4.242 Thread 0x000001dd1bbb2b30 Unloading class 0x000001dd1d130c00 'java/lang/invoke/LambdaForm$DMH+0x000001dd1d130c00'
Event: 4.242 Thread 0x000001dd1bbb2b30 Unloading class 0x000001dd1d130400 'java/lang/invoke/LambdaForm$DMH+0x000001dd1d130400'
Event: 4.242 Thread 0x000001dd1bbb2b30 Unloading class 0x000001dd1d130800 'java/lang/invoke/LambdaForm$DMH+0x000001dd1d130800'

Classes redefined (0 events):
No events

Internal exceptions (20 events):
Event: 2.045 Thread 0x000001dd618fd630 Exception <a 'java/lang/NoSuchMethodError'{0x00000000c6ecdab0}: 'java.lang.Object java.lang.invoke.DirectMethodHandle$Holder.newInvokeSpecial(java.lang.Object, int, java.lang.Object)'> (0x00000000c6ecdab0) 
thrown [s\src\hotspot\share\interpreter\linkResolver.cpp, line 773]
Event: 2.186 Thread 0x000001dd618fc560 Exception <a 'java/lang/NoSuchMethodError'{0x00000000c8b2b970}: 'void java.lang.invoke.DirectMethodHandle$Holder.invokeSpecial(java.lang.Object, java.lang.Object, java.lang.Object, java.lang.Object, java.lang.Object)'> (0x00000000c8b2b970) 
thrown [s\src\hotspot\share\interpreter\linkResolver.cpp, line 773]
Event: 2.187 Thread 0x000001dd618fbf00 Exception <a 'java/lang/NoSuchMethodError'{0x00000000c8ce6870}: 'void java.lang.invoke.DirectMethodHandle$Holder.invokeSpecial(java.lang.Object, java.lang.Object, java.lang.Object, java.lang.Object, java.lang.Object)'> (0x00000000c8ce6870) 
thrown [s\src\hotspot\share\interpreter\linkResolver.cpp, line 773]
Event: 2.187 Thread 0x000001dd618067f0 Exception <a 'java/lang/NoSuchMethodError'{0x00000000c8bebc68}: 'void java.lang.invoke.DirectMethodHandle$Holder.invokeSpecial(java.lang.Object, java.lang.Object, java.lang.Object, java.lang.Object, java.lang.Object)'> (0x00000000c8bebc68) 
thrown [s\src\hotspot\share\interpreter\linkResolver.cpp, line 773]
Event: 2.187 Thread 0x000001dd619fcb40 Exception <a 'java/lang/NoSuchMethodError'{0x00000000c8a87ee0}: 'void java.lang.invoke.DirectMethodHandle$Holder.invokeSpecial(java.lang.Object, java.lang.Object, java.lang.Object, java.lang.Object, java.lang.Object)'> (0x00000000c8a87ee0) 
thrown [s\src\hotspot\share\interpreter\linkResolver.cpp, line 773]
Event: 2.199 Thread 0x000001dd619fd5a0 Exception <a 'java/lang/NoSuchMethodError'{0x00000000c885eb98}: 'void java.lang.invoke.DirectMethodHandle$Holder.invokeSpecial(java.lang.Object, java.lang.Object, java.lang.Object, java.lang.Object, java.lang.Object, java.lang.Object)'> (0x00000000c885eb98) 
thrown [s\src\hotspot\share\interpreter\linkResolver.cpp, line 773]
Event: 3.215 Thread 0x000001dd7e0ca130 Exception <a 'java/lang/NoSuchMethodError'{0x00000000ceefdaa0}: 'java.lang.Object java.lang.invoke.DirectMethodHandle$Holder.invokeVirtual(java.lang.Object, java.lang.Object, java.lang.Object, java.lang.Object)'> (0x00000000ceefdaa0) 
thrown [s\src\hotspot\share\interpreter\linkResolver.cpp, line 773]
Event: 3.276 Thread 0x000001dd7e0ca130 Exception <a 'java/lang/NoSuchMethodError'{0x00000000cedb03e0}: 'int java.lang.invoke.DirectMethodHandle$Holder.invokeStatic(java.lang.Object, java.lang.Object, java.lang.Object, java.lang.Object)'> (0x00000000cedb03e0) 
thrown [s\src\hotspot\share\interpreter\linkResolver.cpp, line 773]
Event: 3.280 Thread 0x000001dd7e0ca130 Exception <a 'java/lang/NoSuchMethodError'{0x00000000cedbaf70}: 'int java.lang.invoke.DirectMethodHandle$Holder.invokeSpecial(java.lang.Object, java.lang.Object, java.lang.Object, java.lang.Object)'> (0x00000000cedbaf70) 
thrown [s\src\hotspot\share\interpreter\linkResolver.cpp, line 773]
Event: 3.441 Thread 0x000001dd7e0ca130 Exception <a 'java/lang/NoSuchMethodError'{0x00000000cebd57f8}: 'void java.lang.invoke.DirectMethodHandle$Holder.invokeInterface(java.lang.Object, java.lang.Object, java.lang.Object)'> (0x00000000cebd57f8) 
thrown [s\src\hotspot\share\interpreter\linkResolver.cpp, line 773]
Event: 3.442 Thread 0x000001dd7e0ca130 Exception <a 'java/lang/IncompatibleClassChangeError'{0x00000000cebd88f8}: Found class java.lang.Object, but interface was expected> (0x00000000cebd88f8) 
thrown [s\src\hotspot\share\interpreter\linkResolver.cpp, line 840]
Event: 3.444 Thread 0x000001dd7e0ca130 Exception <a 'java/lang/NoSuchMethodError'{0x00000000cebdc548}: 'void java.lang.invoke.DirectMethodHandle$Holder.invokeInterface(java.lang.Object, java.lang.Object, java.lang.Object, int)'> (0x00000000cebdc548) 
thrown [s\src\hotspot\share\interpreter\linkResolver.cpp, line 773]
Event: 3.456 Thread 0x000001dd7e0ca130 Exception <a 'java/lang/NoSuchMethodError'{0x00000000cebf5058}: 'java.lang.Object java.lang.invoke.DirectMethodHandle$Holder.newInvokeSpecial(java.lang.Object, java.lang.Object, java.lang.Object, int)'> (0x00000000cebf5058) 
thrown [s\src\hotspot\share\interpreter\linkResolver.cpp, line 773]
Event: 3.456 Thread 0x000001dd7e0ca130 Exception <a 'java/lang/NoSuchMethodError'{0x00000000cebf9508}: 'java.lang.Object java.lang.invoke.DirectMethodHandle$Holder.invokeSpecial(java.lang.Object, java.lang.Object, java.lang.Object, java.lang.Object, int)'> (0x00000000cebf9508) 
thrown [s\src\hotspot\share\interpreter\linkResolver.cpp, line 773]
Event: 3.457 Thread 0x000001dd7e0ca130 Exception <a 'java/lang/NoSuchMethodError'{0x00000000cebfce70}: 'java.lang.Object java.lang.invoke.Invokers$Holder.linkToTargetMethod(java.lang.Object, java.lang.Object, int, java.lang.Object)'> (0x00000000cebfce70) 
thrown [s\src\hotspot\share\interpreter\linkResolver.cpp, line 773]
Event: 3.465 Thread 0x000001dd618067f0 Exception <a 'java/lang/NoSuchMethodError'{0x00000000cf7c90e8}: 'int java.lang.invoke.DirectMethodHandle$Holder.invokeSpecial(java.lang.Object, java.lang.Object, java.lang.Object)'> (0x00000000cf7c90e8) 
thrown [s\src\hotspot\share\interpreter\linkResolver.cpp, line 773]
Event: 3.465 Thread 0x000001dd619fd5a0 Exception <a 'java/lang/NoSuchMethodError'{0x00000000cf0704e0}: 'int java.lang.invoke.DirectMethodHandle$Holder.invokeSpecial(java.lang.Object, java.lang.Object, java.lang.Object)'> (0x00000000cf0704e0) 
thrown [s\src\hotspot\share\interpreter\linkResolver.cpp, line 773]
Event: 3.465 Thread 0x000001dd619fcb40 Exception <a 'java/lang/NoSuchMethodError'{0x00000000cf0c9ef8}: 'int java.lang.invoke.DirectMethodHandle$Holder.invokeSpecial(java.lang.Object, java.lang.Object, java.lang.Object)'> (0x00000000cf0c9ef8) 
thrown [s\src\hotspot\share\interpreter\linkResolver.cpp, line 773]
Event: 3.465 Thread 0x000001dd619fdc00 Exception <a 'java/lang/NoSuchMethodError'{0x00000000cea4fe58}: 'int java.lang.invoke.DirectMethodHandle$Holder.invokeSpecial(java.lang.Object, java.lang.Object, java.lang.Object)'> (0x00000000cea4fe58) 
thrown [s\src\hotspot\share\interpreter\linkResolver.cpp, line 773]
Event: 3.562 Thread 0x000001dd618fd630 Implicit null exception at 0x000001dd10209c7c to 0x000001dd10209d34

ZGC Phase Switch (0 events):
No events

VM Operations (20 events):
Event: 3.517 Executing VM operation: HandshakeAllThreads (Deoptimize) done
Event: 3.556 Executing VM operation: HandshakeAllThreads (Deoptimize)
Event: 3.556 Executing VM operation: HandshakeAllThreads (Deoptimize) done
Event: 3.559 Executing VM operation: HandshakeAllThreads (Deoptimize)
Event: 3.559 Executing VM operation: HandshakeAllThreads (Deoptimize) done
Event: 3.561 Executing VM operation: HandshakeAllThreads (Deoptimize)
Event: 3.561 Executing VM operation: HandshakeAllThreads (Deoptimize) done
Event: 3.955 Executing VM operation: ICBufferFull
Event: 3.956 Executing VM operation: ICBufferFull done
Event: 3.987 Executing VM operation: G1CollectForAllocation (G1 Evacuation Pause)
Event: 4.033 Executing VM operation: G1CollectForAllocation (G1 Evacuation Pause) done
Event: 4.238 Executing VM operation: G1PauseRemark
Event: 4.246 Executing VM operation: G1PauseRemark done
Event: 4.356 Executing VM operation: G1PauseCleanup
Event: 4.357 Executing VM operation: G1PauseCleanup done
Event: 4.419 Executing VM operation: G1CollectForAllocation (G1 Evacuation Pause)
Event: 4.453 Executing VM operation: G1CollectForAllocation (G1 Evacuation Pause) done
Event: 4.579 Executing VM operation: G1CollectForAllocation (G1 Evacuation Pause)
Event: 4.608 Executing VM operation: G1CollectForAllocation (G1 Evacuation Pause) done
Event: 4.703 Executing VM operation: G1CollectForAllocation (G1 Evacuation Pause)

Memory protections (0 events):
No events

Nmethod flushes (20 events):
Event: 4.245 Thread 0x000001dd1bbb2b30 flushing  nmethod 0x000001dd089a3110
Event: 4.245 Thread 0x000001dd1bbb2b30 flushing  nmethod 0x000001dd089a3d90
Event: 4.245 Thread 0x000001dd1bbb2b30 flushing  nmethod 0x000001dd089a4710
Event: 4.245 Thread 0x000001dd1bbb2b30 flushing  nmethod 0x000001dd089a4b90
Event: 4.245 Thread 0x000001dd1bbb2b30 flushing  nmethod 0x000001dd089a5510
Event: 4.245 Thread 0x000001dd1bbb2b30 flushing  nmethod 0x000001dd089a5890
Event: 4.245 Thread 0x000001dd1bbb2b30 flushing  nmethod 0x000001dd089a6010
Event: 4.245 Thread 0x000001dd1bbb2b30 flushing  nmethod 0x000001dd089a6890
Event: 4.245 Thread 0x000001dd1bbb2b30 flushing  nmethod 0x000001dd089a7a10
Event: 4.245 Thread 0x000001dd1bbb2b30 flushing  nmethod 0x000001dd089a9490
Event: 4.245 Thread 0x000001dd1bbb2b30 flushing  nmethod 0x000001dd089a9910
Event: 4.245 Thread 0x000001dd1bbb2b30 flushing  nmethod 0x000001dd089ad790
Event: 4.245 Thread 0x000001dd1bbb2b30 flushing  nmethod 0x000001dd089b0f10
Event: 4.245 Thread 0x000001dd1bbb2b30 flushing  nmethod 0x000001dd089b2090
Event: 4.245 Thread 0x000001dd1bbb2b30 flushing  nmethod 0x000001dd089b2590
Event: 4.245 Thread 0x000001dd1bbb2b30 flushing  nmethod 0x000001dd089b8090
Event: 4.245 Thread 0x000001dd1bbb2b30 flushing  nmethod 0x000001dd089b9c90
Event: 4.245 Thread 0x000001dd1bbb2b30 flushing  nmethod 0x000001dd089ba210
Event: 4.245 Thread 0x000001dd1bbb2b30 flushing  nmethod 0x000001dd089ce890
Event: 4.245 Thread 0x000001dd1bbb2b30 flushing  nmethod 0x000001dd089cff90

Events (20 events):
Event: 0.051 Thread 0x000001dd7e0ca130 Thread added: 0x000001dd1bbd8e30
Event: 0.052 Thread 0x000001dd7e0ca130 Thread added: 0x000001dd1bbd9c30
Event: 0.052 Thread 0x000001dd7e0ca130 Thread added: 0x000001dd1bbdcf60
Event: 0.052 Thread 0x000001dd7e0ca130 Thread added: 0x000001dd1bbe1790
Event: 0.052 Thread 0x000001dd7e0ca130 Thread added: 0x000001dd1bbe4df0
Event: 0.052 Thread 0x000001dd7e0ca130 Thread added: 0x000001dd1bbe6150
Event: 0.075 Thread 0x000001dd7e0ca130 Thread added: 0x000001dd61145b40
Event: 0.077 Thread 0x000001dd7e0ca130 Thread added: 0x000001dd6114eba0
Event: 0.207 Thread 0x000001dd1bbe6150 Thread added: 0x000001dd613239a0
Event: 0.207 Thread 0x000001dd1bbe6150 Thread added: 0x000001dd61324040
Event: 1.896 Thread 0x000001dd61324040 Thread exited: 0x000001dd61324040
Event: 1.915 Thread 0x000001dd7e0ca130 Thread added: 0x000001dd618067f0
Event: 1.915 Thread 0x000001dd7e0ca130 Thread added: 0x000001dd618fbf00
Event: 1.915 Thread 0x000001dd618067f0 Thread added: 0x000001dd618fc560
Event: 1.915 Thread 0x000001dd618fbf00 Thread added: 0x000001dd618fcbc0
Event: 1.915 Thread 0x000001dd618fc560 Thread added: 0x000001dd618fd630
Event: 1.916 Thread 0x000001dd618fcbc0 Thread added: 0x000001dd619fcb40
Event: 1.917 Thread 0x000001dd618fd630 Thread added: 0x000001dd619fd5a0
Event: 1.917 Thread 0x000001dd7e0ca130 Thread added: 0x000001dd619fdc00
Event: 2.023 Thread 0x000001dd1bbe6150 Thread added: 0x000001dd62177e90


Dynamic libraries:
0x00007ff651bb0000 - 0x00007ff651bbe000 	C:\Program Files\Android\openjdk\jdk-21.0.8\bin\java.exe
0x00007ff8dbdc0000 - 0x00007ff8dc027000 	C:\WINDOWS\SYSTEM32\ntdll.dll
0x00007ff8daf40000 - 0x00007ff8db009000 	C:\WINDOWS\System32\KERNEL32.DLL
0x00007ff8d9750000 - 0x00007ff8d9b44000 	C:\WINDOWS\System32\KERNELBASE.dll
0x00007ff8d9330000 - 0x00007ff8d947b000 	C:\WINDOWS\System32\ucrtbase.dll
0x00007ff894510000 - 0x00007ff894528000 	C:\Program Files\Android\openjdk\jdk-21.0.8\bin\jli.dll
0x00007ff898c90000 - 0x00007ff898cae000 	C:\Program Files\Android\openjdk\jdk-21.0.8\bin\VCRUNTIME140.dll
0x00007ff8db720000 - 0x00007ff8db8e5000 	C:\WINDOWS\System32\USER32.dll
0x00007ff8d9300000 - 0x00007ff8d9327000 	C:\WINDOWS\System32\win32u.dll
0x00007ff8c7630000 - 0x00007ff8c78c3000 	C:\WINDOWS\WinSxS\amd64_microsoft.windows.common-controls_6595b64144ccf1df_6.0.26100.8115_none_3e075c82e3354f9c\COMCTL32.dll
0x00007ff8daf10000 - 0x00007ff8daf3b000 	C:\WINDOWS\System32\GDI32.dll
0x00007ff8dad70000 - 0x00007ff8dae19000 	C:\WINDOWS\System32\msvcrt.dll
0x00007ff8d91d0000 - 0x00007ff8d92fb000 	C:\WINDOWS\System32\gdi32full.dll
0x00007ff8d9070000 - 0x00007ff8d9113000 	C:\WINDOWS\System32\msvcp_win.dll
0x00007ff8db6e0000 - 0x00007ff8db712000 	C:\WINDOWS\System32\IMM32.DLL
0x00007ff8c0fd0000 - 0x00007ff8c0fdc000 	C:\Program Files\Android\openjdk\jdk-21.0.8\bin\vcruntime140_1.dll
0x00007ff88c7a0000 - 0x00007ff88c829000 	C:\Program Files\Android\openjdk\jdk-21.0.8\bin\msvcp140.dll
0x00007fffaa3a0000 - 0x00007fffab14c000 	C:\Program Files\Android\openjdk\jdk-21.0.8\bin\server\jvm.dll
0x00007ff8dbcc0000 - 0x00007ff8dbd76000 	C:\WINDOWS\System32\ADVAPI32.dll
0x00007ff8db530000 - 0x00007ff8db5d7000 	C:\WINDOWS\System32\sechost.dll
0x00007ff8db8f0000 - 0x00007ff8dba08000 	C:\WINDOWS\System32\RPCRT4.dll
0x00007ff8dbad0000 - 0x00007ff8dbb50000 	C:\WINDOWS\System32\WS2_32.dll
0x00007ff8d84f0000 - 0x00007ff8d854e000 	C:\WINDOWS\SYSTEM32\POWRPROF.dll
0x00007ff8c7160000 - 0x00007ff8c716b000 	C:\WINDOWS\SYSTEM32\VERSION.dll
0x00007ff8cfe30000 - 0x00007ff8cfe66000 	C:\WINDOWS\SYSTEM32\WINMM.dll
0x00007ff8d84d0000 - 0x00007ff8d84e4000 	C:\WINDOWS\SYSTEM32\UMPDC.dll
0x00007ff8d7420000 - 0x00007ff8d743b000 	C:\WINDOWS\SYSTEM32\kernel.appcore.dll
0x00007ff8c0f00000 - 0x00007ff8c0f0a000 	C:\Program Files\Android\openjdk\jdk-21.0.8\bin\jimage.dll
0x00007ff8d5d80000 - 0x00007ff8d5fc2000 	C:\WINDOWS\SYSTEM32\DBGHELP.DLL
0x00007ff8db0a0000 - 0x00007ff8db422000 	C:\WINDOWS\System32\combase.dll
0x00007ff8d9cf0000 - 0x00007ff8d9dc8000 	C:\WINDOWS\System32\OLEAUT32.dll
0x00007ff8a95c0000 - 0x00007ff8a95fb000 	C:\WINDOWS\SYSTEM32\dbgcore.DLL
0x00007ff8d9120000 - 0x00007ff8d91c5000 	C:\WINDOWS\System32\bcryptPrimitives.dll
0x00007ff8944e0000 - 0x00007ff894501000 	C:\Program Files\Android\openjdk\jdk-21.0.8\bin\java.dll
0x00007ff8d9e50000 - 0x00007ff8da5b7000 	C:\WINDOWS\System32\SHELL32.dll
0x00007ff8d8690000 - 0x00007ff8d87fa000 	C:\WINDOWS\System32\wintypes.dll
0x00007ff8d8800000 - 0x00007ff8d9068000 	C:\WINDOWS\System32\windows.storage.dll
0x00007ff8db430000 - 0x00007ff8db528000 	C:\WINDOWS\System32\SHCORE.dll
0x00007ff8dacf0000 - 0x00007ff8dad56000 	C:\WINDOWS\System32\shlwapi.dll
0x00007ff8d85b0000 - 0x00007ff8d85d9000 	C:\WINDOWS\SYSTEM32\profapi.dll
0x00007ff850ef0000 - 0x00007ff850fc6000 	C:\Program Files\Android\openjdk\jdk-21.0.8\bin\jsvml.dll
0x00007ff8944c0000 - 0x00007ff8944d1000 	C:\Program Files\Android\openjdk\jdk-21.0.8\bin\net.dll
0x00007ff8d1d60000 - 0x00007ff8d1e8d000 	C:\WINDOWS\SYSTEM32\WINHTTP.dll
0x00007ff8d7990000 - 0x00007ff8d79fc000 	C:\WINDOWS\system32\mswsock.dll
0x00007ff8944a0000 - 0x00007ff8944b6000 	C:\Program Files\Android\openjdk\jdk-21.0.8\bin\nio.dll
0x00007ff893e80000 - 0x00007ff893e98000 	C:\Program Files\Android\openjdk\jdk-21.0.8\bin\zip.dll
0x00007ff8c0a00000 - 0x00007ff8c0a10000 	C:\Program Files\Android\openjdk\jdk-21.0.8\bin\verify.dll

JVMTI agents: none

dbghelp: loaded successfully - version: 4.0.5 - missing functions: none
symbol engine: initialized successfully - sym options: 0x614 - pdb path: .;C:\Program Files\Android\openjdk\jdk-21.0.8\bin;C:\WINDOWS\SYSTEM32;C:\WINDOWS\WinSxS\amd64_microsoft.windows.common-controls_6595b64144ccf1df_6.0.26100.8115_none_3e075c82e3354f9c;C:\Program Files\Android\openjdk\jdk-21.0.8\bin\server

VM Arguments:
jvm_args: -Xmx1G 
java_command: com.android.tools.r8.D8 --release --min-api 21 --output obj\Release\net10.0-android\android\bin\ --lib C:\Program Files (x86)\Android\android-sdk\platforms\android-36\android.jar obj\Release\net10.0-android\android\bin\classes.zip C:\Program Files\dotnet\packs\Microsoft.Android.Sdk.Windows\36.1.30\tools\\java_runtime_net6.jar C:\Users\TRAN DUC TOAN\.nuget\packages\xamarin.androidx.annotation.jvm\1.9.1.5\buildTransitive\net10.0-android35.0\..\..\jar\androidx.annotation.annotation-jvm.jar C:\Users\TRAN DUC TOAN\.nuget\packages\xamarin.androidx.collection.jvm\1.5.0.3\buildTransitive\net10.0-android35.0\..\..\jar\androidx.collection.collection-jvm.jar C:\Users\TRAN DUC TOAN\.nuget\packages\xamarin.androidx.annotation\1.9.1.5\buildTransitive\net10.0-android35.0\..\..\jar\androidx.annotation.annotation.jar C:\Users\TRAN DUC TOAN\.nuget\packages\xamarin.androidx.collection\1.5.0.3\buildTransitive\net10.0-android35.0\..\..\jar\androidx.collection.collection.jar C:\Users\TRAN DUC TOAN\.nuget\packages\xamarin.androidx.concurrent.futures\1.3.0.1\buildTransitive\net10.0-android35.0\..\..\jar\androidx.concurrent.concurrent-futures.jar C:\Users\TRAN DUC TOAN\.nuget\packages\xamarin.androidx.lifecycle.common.jvm\2.9.2.1\buildTransitive\net10.0-android35.0\..\..\jar\androidx.lifecycle.lifecycle-common-jvm.jar C:\Users\TRAN DUC TOAN\.nuget\packages\xamarin.androidx.lifecycle.common\2.9.2.1\buildTransitive\net10.0-android35.0\..\..\jar\androidx.lifecycle.lifecycle-common.jar C:\Users\TRAN DUC TOAN\.nuget\packages\xamarin.androidx.arch.core.common\2.2.0.18\buildTransitive\net10.0-android35.0\..\..\jar\androidx.arch.core.core-common.jar C:\Users\TRAN DUC TOAN\.nuget\packages\xamarin.androidx.resourceinspection.annotation\1.0.1.22\buildTransitive\net10.0-android35.0\..\..\jar\androidx.resourceinspection.resourceinspection-annotation.jar C:\Users\TRAN DUC TOAN\.nuget\packages\xamarin.androidx.constraintlayout.core\1.1.1.3\buildTransitive\net10.0-android35.0\..\..\jar\andr
java_class_path (initial): C:\Program Files\dotnet\packs\Microsoft.Android.Sdk.Windows\36.1.30\tools\r8.jar
Launcher Type: SUN_STANDARD

[Global flags]
     intx CICompilerCount                          = 4                                         {product} {ergonomic}
     uint ConcGCThreads                            = 2                                         {product} {ergonomic}
     uint G1ConcRefinementThreads                  = 8                                         {product} {ergonomic}
   size_t G1HeapRegionSize                         = 1048576                                   {product} {ergonomic}
    uintx GCDrainStackTargetSize                   = 64                                        {product} {ergonomic}
   size_t InitialHeapSize                          = 132120576                                 {product} {ergonomic}
   size_t MarkStackSize                            = 4194304                                   {product} {ergonomic}
   size_t MaxHeapSize                              = 1073741824                                {product} {command line}
   size_t MaxNewSize                               = 643825664                                 {product} {ergonomic}
   size_t MinHeapDeltaBytes                        = 1048576                                   {product} {ergonomic}
   size_t MinHeapSize                              = 8388608                                   {product} {ergonomic}
    uintx NonNMethodCodeHeapSize                   = 5839372                                {pd product} {ergonomic}
    uintx NonProfiledCodeHeapSize                  = 122909434                              {pd product} {ergonomic}
    uintx ProfiledCodeHeapSize                     = 122909434                              {pd product} {ergonomic}
    uintx ReservedCodeCacheSize                    = 251658240                              {pd product} {ergonomic}
     bool SegmentedCodeCache                       = true                                      {product} {ergonomic}
   size_t SoftMaxHeapSize                          = 1073741824                             {manageable} {ergonomic}
     bool UseCompressedOops                        = true                           {product lp64_product} {ergonomic}
     bool UseG1GC                                  = true                                      {product} {ergonomic}
     bool UseLargePagesIndividualAllocation        = false                                  {pd product} {ergonomic}

Logging:
Log output configuration:
 #0: stdout all=warning uptime,level,tags foldmultilines=false
 #1: stderr all=off uptime,level,tags foldmultilines=false

Environment Variables:
PATH=C:\Program Files\Microsoft Visual Studio\18\Community\Common7\IDE\VC\VCPackages;C:\Program Files\Microsoft Visual Studio\18\Community\Common7\IDE\CommonExtensions\Microsoft\TestWindow;C:\Program Files\Microsoft Visual Studio\18\Community\Common7\IDE\CommonExtensions\Microsoft\TeamFoundation\Team Explorer;C:\Program Files\Microsoft Visual Studio\18\Community\MSBuild\Current\bin\Roslyn;C:\Program Files (x86)\Microsoft SDKs\Windows\v10.0A\bin\NETFX 4.8 Tools\;C:\Program Files\Microsoft Visual Studio\18\Community\Common7\IDE\CommonExtensions\Microsoft\FSharp\Tools;C:\Program Files\Microsoft Visual Studio\18\Community\Team Tools\DiagnosticsHub\Collector;C:\Program Files\Microsoft Visual Studio\18\Community\Common7\IDE\Extensions\Microsoft\CodeCoverage.Console;C:\Program Files\Microsoft Visual Studio\18\Community\\MSBuild\Current\Bin\amd64;C:\Windows\Microsoft.NET\Framework\v4.0.30319;C:\Program Files\Microsoft Visual Studio\18\Community\Common7\IDE\;C:\Program Files\Microsoft Visual Studio\18\Community\Common7\Tools\;C:\Program Files\Android\openjdk\jdk-21.0.8\bin;C:\oraclexe\app\oracle\product\11.2.0\server\bin;C:\WINDOWS\system32;C:\WINDOWS;C:\WINDOWS\System32\Wbem;C:\WINDOWS\System32\WindowsPowerShell\v1.0\;C:\WINDOWS\System32\OpenSSH\;C:\Program Files\Microsoft SQL Server\Client SDK\ODBC\170\Tools\Binn\;C:\Program Files (x86)\Microsoft SQL Server\150\Tools\Binn\;C:\Program Files\Microsoft SQL Server\150\Tools\Binn\;C:\Program Files\Microsoft SQL Server\150\DTS\Binn\;C:\Program Files (x86)\Microsoft SQL Server\150\DTS\Binn\;C:\Program Files\Azure Data Studio\bin;C:\Program Files\Microsoft SQL Server\170\Tools\Binn\;C:\Program Files\dotnet\;C:\Program Files\nodejs\;E:\altum\System;C:\Program Files\Git\cmd;C:\Users\TRAN DUC TOAN\AppData\Local\Programs\Python\Python314\Scripts\;C:\Users\TRAN DUC TOAN\AppData\Local\Programs\Python\Python314\;C:\Users\TRAN DUC TOAN\AppData\Local\Microsoft\WindowsApps;C:\Users\TRAN DUC TOAN\AppData\Local\Programs\Microsoft VS Code\bin;C:\Program Files\Azure Data Studio\bin;C:\Users\TRAN DUC TOAN\.dotnet\tools;C:\Users\TRAN DUC TOAN\AppData\Roaming\npm;C:\Program Files\Microsoft Visual Studio\18\Community\Common7\IDE\PrivateAssemblies\runtimes\win-x64\native;C:\Program Files\Microsoft Visual Studio\18\Community\Common7\IDE\VC\Linux\bin\ConnectionManagerExe
USERNAME=TRAN DUC TOAN
LIBPATH=C:\Windows\Microsoft.NET\Framework\v4.0.30319
OS=Windows_NT
PROCESSOR_IDENTIFIER=Intel64 Family 6 Model 140 Stepping 1, GenuineIntel
TMP=C:\Users\TRAN DUC TOAN\AppData\Local\Temp
TEMP=C:\Users\TRAN DUC TOAN\AppData\Local\Temp




Periodic native trim disabled

---------------  S Y S T E M  ---------------

OS:
 Windows 11 , 64 bit Build 26100 (10.0.26100.8246)
OS uptime: 0 days 1:04 hours
Hyper-V role detected

CPU: total 8 (initial active 8) (4 cores per cpu, 2 threads per core) family 6 model 140 stepping 1 microcode 0x8a, cx8, cmov, fxsr, ht, mmx, 3dnowpref, sse, sse2, sse3, ssse3, sse4.1, sse4.2, popcnt, lzcnt, tsc, tscinvbit, avx, avx2, aes, erms, clmul, bmi1, bmi2, adx, avx512f, avx512dq, avx512cd, avx512bw, avx512vl, sha, fma, vzeroupper, avx512_vpopcntdq, avx512_vpclmulqdq, avx512_vaes, avx512_vnni, clflush, clflushopt, clwb, avx512_vbmi2, avx512_vbmi, hv, rdtscp, rdpid, fsrm, gfni, avx512_bitalg, f16c, cet_ibt, cet_ss, avx512_ifma
Processor Information for the first 8 processors :
  Max Mhz: 2419, Current Mhz: 2419, Mhz Limit: 2419

Memory: 4k page, system-wide physical 7991M (901M free)
TotalPageFile size 16060M (AvailPageFile size 58M)
current process WorkingSet (physical memory assigned to process): 377M, peak: 380M
current process commit charge ("private bytes"): 416M, peak: 685M

vm_info: OpenJDK 64-Bit Server VM (21.0.8+9-LTS) for windows-amd64 JRE (21.0.8+9-LTS), built on 2025-07-10T20:22:44Z by "MicrosoftCorporation" with unknown MS VC++:1944

END.
